14:27:29 | Logging to checkpoints/logs/dncnn_20260529_142729.log
14:27:29 | 
============================================================
14:27:29 | Training DNCNN on cuda
14:27:29 | ============================================================
14:27:29 | Train batches: 20, Val batches: 5
14:27:29 | Model parameters: 556,032
14:27:32 | Epoch   1 | train_loss=0.048444 | val_loss=0.009975 | lr=1.00e-03
14:27:32 | Epoch   2 | train_loss=0.009627 | val_loss=0.009282 | lr=1.00e-03
14:27:33 | Epoch   3 | train_loss=0.008401 | val_loss=0.007391 | lr=1.00e-03
14:27:34 | Epoch   4 | train_loss=0.006632 | val_loss=0.005590 | lr=1.00e-03
14:27:35 | Epoch   5 | train_loss=0.005052 | val_loss=0.004309 | lr=1.00e-03
14:27:36 | Epoch   6 | train_loss=0.004134 | val_loss=0.004139 | lr=1.00e-03
14:27:37 | Epoch   7 | train_loss=0.003531 | val_loss=0.003094 | lr=1.00e-03
14:27:38 | Epoch   8 | train_loss=0.003051 | val_loss=0.003004 | lr=1.00e-03
14:27:39 | Epoch   9 | train_loss=0.002763 | val_loss=0.002550 | lr=1.00e-03
14:27:39 | Epoch  10 | train_loss=0.002512 | val_loss=0.002175 | lr=1.00e-03
14:27:40 | Epoch  11 | train_loss=0.002367 | val_loss=0.002265 | lr=1.00e-03
14:27:41 | Epoch  12 | train_loss=0.002086 | val_loss=0.001831 | lr=1.00e-03
14:27:42 | Epoch  13 | train_loss=0.001889 | val_loss=0.001691 | lr=1.00e-03
14:27:43 | Epoch  14 | train_loss=0.001769 | val_loss=0.001772 | lr=1.00e-03
14:27:44 | Epoch  15 | train_loss=0.001590 | val_loss=0.001403 | lr=1.00e-03
14:27:45 | Epoch  16 | train_loss=0.001443 | val_loss=0.001384 | lr=1.00e-03
14:27:45 | Epoch  17 | train_loss=0.001363 | val_loss=0.001264 | lr=1.00e-03
14:27:46 | Epoch  18 | train_loss=0.001302 | val_loss=0.001091 | lr=1.00e-03
14:27:47 | Epoch  19 | train_loss=0.001212 | val_loss=0.001124 | lr=1.00e-03
14:27:48 | Epoch  20 | train_loss=0.001178 | val_loss=0.001344 | lr=5.00e-04
14:27:49 | Epoch  21 | train_loss=0.001086 | val_loss=0.000983 | lr=5.00e-04
14:27:49 | Epoch  22 | train_loss=0.001052 | val_loss=0.001026 | lr=5.00e-04
14:27:50 | Epoch  23 | train_loss=0.001003 | val_loss=0.001013 | lr=5.00e-04
14:27:50 | Epoch  24 | train_loss=0.000953 | val_loss=0.000823 | lr=5.00e-04
14:27:51 | Epoch  25 | train_loss=0.000923 | val_loss=0.000892 | lr=5.00e-04
14:27:52 | Epoch  26 | train_loss=0.000974 | val_loss=0.000864 | lr=5.00e-04
14:27:53 | Epoch  27 | train_loss=0.000941 | val_loss=0.000861 | lr=5.00e-04
14:27:54 | Epoch  28 | train_loss=0.000866 | val_loss=0.000749 | lr=5.00e-04
14:27:55 | Epoch  29 | train_loss=0.000871 | val_loss=0.000804 | lr=5.00e-04
14:27:55 | Epoch  30 | train_loss=0.000851 | val_loss=0.000777 | lr=5.00e-04
14:27:56 | Epoch  31 | train_loss=0.000807 | val_loss=0.000778 | lr=5.00e-04
14:27:57 | Epoch  32 | train_loss=0.000826 | val_loss=0.000711 | lr=5.00e-04
14:27:58 | Epoch  33 | train_loss=0.000763 | val_loss=0.000742 | lr=5.00e-04
14:27:59 | Epoch  34 | train_loss=0.000815 | val_loss=0.000789 | lr=5.00e-04
14:28:00 | Epoch  35 | train_loss=0.000838 | val_loss=0.000706 | lr=5.00e-04
14:28:01 | Epoch  36 | train_loss=0.000799 | val_loss=0.000771 | lr=5.00e-04
14:28:01 | Epoch  37 | train_loss=0.000768 | val_loss=0.000709 | lr=5.00e-04
14:28:02 | Epoch  38 | train_loss=0.000809 | val_loss=0.000680 | lr=5.00e-04
14:28:03 | Epoch  39 | train_loss=0.000771 | val_loss=0.000704 | lr=5.00e-04
14:28:04 | Epoch  40 | train_loss=0.000715 | val_loss=0.000676 | lr=2.50e-04
14:28:05 | Epoch  41 | train_loss=0.000741 | val_loss=0.000646 | lr=2.50e-04
14:28:06 | Epoch  42 | train_loss=0.000701 | val_loss=0.000645 | lr=2.50e-04
14:28:07 | Epoch  43 | train_loss=0.000671 | val_loss=0.000671 | lr=2.50e-04
14:28:08 | Epoch  44 | train_loss=0.000721 | val_loss=0.000677 | lr=2.50e-04
14:28:09 | Epoch  45 | train_loss=0.000683 | val_loss=0.000638 | lr=2.50e-04
14:28:09 | Epoch  46 | train_loss=0.000680 | val_loss=0.000599 | lr=2.50e-04
14:28:10 | Epoch  47 | train_loss=0.000665 | val_loss=0.000684 | lr=2.50e-04
14:28:11 | Epoch  48 | train_loss=0.000692 | val_loss=0.000691 | lr=2.50e-04
14:28:12 | Epoch  49 | train_loss=0.000733 | val_loss=0.000600 | lr=2.50e-04
14:28:13 | Epoch  50 | train_loss=0.000702 | val_loss=0.000735 | lr=2.50e-04
14:28:13 | 
Training completed in 43.1s (0.7 min)
14:28:13 | Best val_loss: 0.000599 at epoch 46
