23:40:34 | Logging to checkpoints/logs/dncnn_20260528_234034.log
23:40:34 | 
============================================================
23:40:34 | Training DNCNN on cpu
23:40:34 | ============================================================
23:40:34 | Train batches: 20, Val batches: 5
23:40:34 | Model parameters: 556,032
23:40:58 | Epoch   1 | train_loss=0.052823 | val_loss=0.011785 | lr=1.00e-03
23:41:22 | Epoch   2 | train_loss=0.009425 | val_loss=0.009663 | lr=1.00e-03
23:41:44 | Epoch   3 | train_loss=0.008278 | val_loss=0.007812 | lr=1.00e-03
23:42:08 | Epoch   4 | train_loss=0.006593 | val_loss=0.005738 | lr=1.00e-03
23:42:33 | Epoch   5 | train_loss=0.004909 | val_loss=0.004365 | lr=1.00e-03
23:42:56 | Epoch   6 | train_loss=0.003853 | val_loss=0.003375 | lr=1.00e-03
23:43:21 | Epoch   7 | train_loss=0.003082 | val_loss=0.002822 | lr=1.00e-03
23:43:44 | Epoch   8 | train_loss=0.002649 | val_loss=0.002558 | lr=1.00e-03
23:44:07 | Epoch   9 | train_loss=0.002372 | val_loss=0.002147 | lr=1.00e-03
23:44:30 | Epoch  10 | train_loss=0.002121 | val_loss=0.002337 | lr=1.00e-03
23:44:53 | Epoch  11 | train_loss=0.001880 | val_loss=0.001790 | lr=1.00e-03
23:45:16 | Epoch  12 | train_loss=0.001753 | val_loss=0.001794 | lr=1.00e-03
23:45:39 | Epoch  13 | train_loss=0.001678 | val_loss=0.001470 | lr=1.00e-03
23:46:01 | Epoch  14 | train_loss=0.001582 | val_loss=0.001491 | lr=1.00e-03
23:46:24 | Epoch  15 | train_loss=0.001457 | val_loss=0.001404 | lr=1.00e-03
23:46:47 | Epoch  16 | train_loss=0.001430 | val_loss=0.001342 | lr=1.00e-03
23:47:10 | Epoch  17 | train_loss=0.001339 | val_loss=0.001361 | lr=1.00e-03
23:47:34 | Epoch  18 | train_loss=0.001319 | val_loss=0.001249 | lr=1.00e-03
23:47:57 | Epoch  19 | train_loss=0.001314 | val_loss=0.001325 | lr=1.00e-03
23:48:20 | Epoch  20 | train_loss=0.001274 | val_loss=0.001508 | lr=5.00e-04
23:48:43 | Epoch  21 | train_loss=0.001209 | val_loss=0.001589 | lr=5.00e-04
23:49:06 | Epoch  22 | train_loss=0.001162 | val_loss=0.001113 | lr=5.00e-04
23:49:29 | Epoch  23 | train_loss=0.001126 | val_loss=0.001169 | lr=5.00e-04
23:49:52 | Epoch  24 | train_loss=0.001107 | val_loss=0.001122 | lr=5.00e-04
23:50:16 | Epoch  25 | train_loss=0.001096 | val_loss=0.001002 | lr=5.00e-04
23:50:41 | Epoch  26 | train_loss=0.001075 | val_loss=0.001001 | lr=5.00e-04
23:51:05 | Epoch  27 | train_loss=0.001061 | val_loss=0.000897 | lr=5.00e-04
23:51:28 | Epoch  28 | train_loss=0.001086 | val_loss=0.001432 | lr=5.00e-04
23:51:50 | Epoch  29 | train_loss=0.001018 | val_loss=0.001281 | lr=5.00e-04
23:52:13 | Epoch  30 | train_loss=0.000995 | val_loss=0.001077 | lr=5.00e-04
23:52:36 | Epoch  31 | train_loss=0.000963 | val_loss=0.000921 | lr=5.00e-04
23:52:59 | Epoch  32 | train_loss=0.000967 | val_loss=0.000940 | lr=5.00e-04
23:53:22 | Epoch  33 | train_loss=0.000937 | val_loss=0.000884 | lr=5.00e-04
23:53:44 | Epoch  34 | train_loss=0.000905 | val_loss=0.000842 | lr=5.00e-04
23:54:07 | Epoch  35 | train_loss=0.000876 | val_loss=0.000840 | lr=5.00e-04
23:54:30 | Epoch  36 | train_loss=0.000839 | val_loss=0.000853 | lr=5.00e-04
23:54:52 | Epoch  37 | train_loss=0.000843 | val_loss=0.000809 | lr=5.00e-04
23:55:15 | Epoch  38 | train_loss=0.000816 | val_loss=0.000835 | lr=5.00e-04
23:55:39 | Epoch  39 | train_loss=0.000821 | val_loss=0.000790 | lr=5.00e-04
23:56:01 | Epoch  40 | train_loss=0.000802 | val_loss=0.000786 | lr=2.50e-04
23:56:24 | Epoch  41 | train_loss=0.000829 | val_loss=0.000780 | lr=2.50e-04
23:56:47 | Epoch  42 | train_loss=0.000821 | val_loss=0.000754 | lr=2.50e-04
23:57:09 | Epoch  43 | train_loss=0.000777 | val_loss=0.000734 | lr=2.50e-04
23:57:31 | Epoch  44 | train_loss=0.000770 | val_loss=0.000728 | lr=2.50e-04
23:57:54 | Epoch  45 | train_loss=0.000783 | val_loss=0.000712 | lr=2.50e-04
23:58:17 | Epoch  46 | train_loss=0.000719 | val_loss=0.000706 | lr=2.50e-04
23:58:40 | Epoch  47 | train_loss=0.000721 | val_loss=0.000648 | lr=2.50e-04
23:59:04 | Epoch  48 | train_loss=0.000715 | val_loss=0.000668 | lr=2.50e-04
23:59:26 | Epoch  49 | train_loss=0.000812 | val_loss=0.000692 | lr=2.50e-04
23:59:49 | Epoch  50 | train_loss=0.000760 | val_loss=0.000730 | lr=2.50e-04
23:59:49 | 
Training completed in 1153.2s (19.2 min)
23:59:49 | Best val_loss: 0.000648 at epoch 47
