10:06:36 | Logging to checkpoints/logs/dncnn_20260529_100636.log
10:06:36 | 
============================================================
10:06:36 | Training DNCNN on cpu
10:06:36 | ============================================================
10:06:36 | Train batches: 20, Val batches: 5
10:06:36 | Model parameters: 556,032
10:06:58 | Epoch   1 | train_loss=0.074467 | val_loss=0.014036 | lr=1.00e-03
10:07:19 | Epoch   2 | train_loss=0.009857 | val_loss=0.009715 | lr=1.00e-03
10:07:40 | Epoch   3 | train_loss=0.009071 | val_loss=0.008699 | lr=1.00e-03
10:08:01 | Epoch   4 | train_loss=0.007967 | val_loss=0.007255 | lr=1.00e-03
10:08:23 | Epoch   5 | train_loss=0.006364 | val_loss=0.005419 | lr=1.00e-03
10:08:45 | Epoch   6 | train_loss=0.004999 | val_loss=0.004674 | lr=1.00e-03
10:09:06 | Epoch   7 | train_loss=0.004041 | val_loss=0.003583 | lr=1.00e-03
10:09:27 | Epoch   8 | train_loss=0.003371 | val_loss=0.003531 | lr=1.00e-03
10:09:48 | Epoch   9 | train_loss=0.002858 | val_loss=0.003034 | lr=1.00e-03
10:10:10 | Epoch  10 | train_loss=0.002417 | val_loss=0.002066 | lr=1.00e-03
10:10:30 | Epoch  11 | train_loss=0.002117 | val_loss=0.001946 | lr=1.00e-03
10:10:53 | Epoch  12 | train_loss=0.001880 | val_loss=0.001717 | lr=1.00e-03
10:11:14 | Epoch  13 | train_loss=0.001713 | val_loss=0.001632 | lr=1.00e-03
10:11:35 | Epoch  14 | train_loss=0.001633 | val_loss=0.001578 | lr=1.00e-03
10:11:57 | Epoch  15 | train_loss=0.001523 | val_loss=0.001471 | lr=1.00e-03
10:12:19 | Epoch  16 | train_loss=0.001423 | val_loss=0.001462 | lr=1.00e-03
10:12:40 | Epoch  17 | train_loss=0.001333 | val_loss=0.001212 | lr=1.00e-03
10:13:01 | Epoch  18 | train_loss=0.001437 | val_loss=0.001232 | lr=1.00e-03
10:13:24 | Epoch  19 | train_loss=0.001337 | val_loss=0.001183 | lr=1.00e-03
10:13:47 | Epoch  20 | train_loss=0.001232 | val_loss=0.001243 | lr=5.00e-04
10:14:09 | Epoch  21 | train_loss=0.001179 | val_loss=0.001109 | lr=5.00e-04
10:14:34 | Epoch  22 | train_loss=0.001138 | val_loss=0.001005 | lr=5.00e-04
10:14:58 | Epoch  23 | train_loss=0.001057 | val_loss=0.000978 | lr=5.00e-04
10:15:29 | Epoch  24 | train_loss=0.001066 | val_loss=0.001006 | lr=5.00e-04
10:16:07 | Epoch  25 | train_loss=0.001059 | val_loss=0.001014 | lr=5.00e-04
10:16:38 | Epoch  26 | train_loss=0.001058 | val_loss=0.000927 | lr=5.00e-04
10:17:09 | Epoch  27 | train_loss=0.001002 | val_loss=0.000945 | lr=5.00e-04
10:17:38 | Epoch  28 | train_loss=0.000959 | val_loss=0.000923 | lr=5.00e-04
10:18:07 | Epoch  29 | train_loss=0.000966 | val_loss=0.000874 | lr=5.00e-04
10:18:36 | Epoch  30 | train_loss=0.000961 | val_loss=0.000890 | lr=5.00e-04
10:19:06 | Epoch  31 | train_loss=0.000913 | val_loss=0.000849 | lr=5.00e-04
10:19:36 | Epoch  32 | train_loss=0.000901 | val_loss=0.000876 | lr=5.00e-04
10:20:05 | Epoch  33 | train_loss=0.000922 | val_loss=0.000850 | lr=5.00e-04
10:20:34 | Epoch  34 | train_loss=0.000870 | val_loss=0.000853 | lr=5.00e-04
10:21:08 | Epoch  35 | train_loss=0.000842 | val_loss=0.000764 | lr=5.00e-04
10:21:38 | Epoch  36 | train_loss=0.000837 | val_loss=0.000782 | lr=5.00e-04
10:22:07 | Epoch  37 | train_loss=0.000822 | val_loss=0.000778 | lr=5.00e-04
10:22:36 | Epoch  38 | train_loss=0.000825 | val_loss=0.000787 | lr=5.00e-04
10:23:06 | Epoch  39 | train_loss=0.000865 | val_loss=0.000721 | lr=5.00e-04
10:23:35 | Epoch  40 | train_loss=0.000859 | val_loss=0.000725 | lr=2.50e-04
10:24:04 | Epoch  41 | train_loss=0.000772 | val_loss=0.000679 | lr=2.50e-04
10:24:33 | Epoch  42 | train_loss=0.000781 | val_loss=0.000817 | lr=2.50e-04
10:25:02 | Epoch  43 | train_loss=0.000757 | val_loss=0.000722 | lr=2.50e-04
10:25:31 | Epoch  44 | train_loss=0.000730 | val_loss=0.000694 | lr=2.50e-04
10:25:53 | Epoch  45 | train_loss=0.000776 | val_loss=0.000710 | lr=2.50e-04
10:26:16 | Epoch  46 | train_loss=0.000741 | val_loss=0.000691 | lr=2.50e-04
10:26:39 | Epoch  47 | train_loss=0.000736 | val_loss=0.000703 | lr=2.50e-04
10:27:01 | Epoch  48 | train_loss=0.000760 | val_loss=0.000658 | lr=2.50e-04
10:27:24 | Epoch  49 | train_loss=0.000751 | val_loss=0.000677 | lr=2.50e-04
10:27:46 | Epoch  50 | train_loss=0.000739 | val_loss=0.000713 | lr=2.50e-04
10:27:46 | 
Training completed in 1268.7s (21.1 min)
10:27:46 | Best val_loss: 0.000658 at epoch 48
