00:11:57 | Logging to checkpoints/logs/dncnn_20260529_001157.log
00:11:57 | 
============================================================
00:11:57 | Training DNCNN on cpu
00:11:57 | ============================================================
00:11:57 | Train batches: 20, Val batches: 5
00:11:57 | Model parameters: 556,032
00:12:21 | Epoch   1 | train_loss=0.041285 | val_loss=0.009747 | lr=1.00e-03
00:12:45 | Epoch   2 | train_loss=0.009803 | val_loss=0.009576 | lr=1.00e-03
00:13:08 | Epoch   3 | train_loss=0.009171 | val_loss=0.008698 | lr=1.00e-03
00:13:32 | Epoch   4 | train_loss=0.007868 | val_loss=0.007170 | lr=1.00e-03
00:13:55 | Epoch   5 | train_loss=0.006190 | val_loss=0.005562 | lr=1.00e-03
00:14:18 | Epoch   6 | train_loss=0.004285 | val_loss=0.003675 | lr=1.00e-03
00:14:41 | Epoch   7 | train_loss=0.002984 | val_loss=0.002630 | lr=1.00e-03
00:15:04 | Epoch   8 | train_loss=0.002367 | val_loss=0.002357 | lr=1.00e-03
00:15:27 | Epoch   9 | train_loss=0.002095 | val_loss=0.001755 | lr=1.00e-03
00:15:50 | Epoch  10 | train_loss=0.001945 | val_loss=0.001702 | lr=1.00e-03
00:16:13 | Epoch  11 | train_loss=0.001701 | val_loss=0.001584 | lr=1.00e-03
00:16:37 | Epoch  12 | train_loss=0.001627 | val_loss=0.001424 | lr=1.00e-03
00:17:00 | Epoch  13 | train_loss=0.001401 | val_loss=0.001364 | lr=1.00e-03
00:17:23 | Epoch  14 | train_loss=0.001505 | val_loss=0.001280 | lr=1.00e-03
00:17:46 | Epoch  15 | train_loss=0.001284 | val_loss=0.001172 | lr=1.00e-03
00:18:08 | Epoch  16 | train_loss=0.001189 | val_loss=0.001076 | lr=1.00e-03
00:18:31 | Epoch  17 | train_loss=0.001101 | val_loss=0.000971 | lr=1.00e-03
00:18:54 | Epoch  18 | train_loss=0.001200 | val_loss=0.001059 | lr=1.00e-03
00:19:17 | Epoch  19 | train_loss=0.001156 | val_loss=0.001088 | lr=1.00e-03
00:19:40 | Epoch  20 | train_loss=0.001030 | val_loss=0.000867 | lr=5.00e-04
00:20:03 | Epoch  21 | train_loss=0.000936 | val_loss=0.000808 | lr=5.00e-04
00:20:26 | Epoch  22 | train_loss=0.000901 | val_loss=0.000845 | lr=5.00e-04
00:20:49 | Epoch  23 | train_loss=0.000862 | val_loss=0.000836 | lr=5.00e-04
00:21:12 | Epoch  24 | train_loss=0.000870 | val_loss=0.000818 | lr=5.00e-04
00:21:35 | Epoch  25 | train_loss=0.000876 | val_loss=0.000811 | lr=5.00e-04
00:21:58 | Epoch  26 | train_loss=0.000868 | val_loss=0.000762 | lr=5.00e-04
00:22:21 | Epoch  27 | train_loss=0.000814 | val_loss=0.000744 | lr=5.00e-04
00:22:43 | Epoch  28 | train_loss=0.000811 | val_loss=0.000740 | lr=5.00e-04
00:23:07 | Epoch  29 | train_loss=0.000829 | val_loss=0.000759 | lr=5.00e-04
00:23:29 | Epoch  30 | train_loss=0.000785 | val_loss=0.000658 | lr=5.00e-04
00:23:52 | Epoch  31 | train_loss=0.000758 | val_loss=0.000767 | lr=5.00e-04
00:24:15 | Epoch  32 | train_loss=0.000729 | val_loss=0.000674 | lr=5.00e-04
00:24:38 | Epoch  33 | train_loss=0.000756 | val_loss=0.000735 | lr=5.00e-04
00:25:01 | Epoch  34 | train_loss=0.000836 | val_loss=0.000738 | lr=5.00e-04
00:25:24 | Epoch  35 | train_loss=0.000775 | val_loss=0.000697 | lr=5.00e-04
00:25:47 | Epoch  36 | train_loss=0.000797 | val_loss=0.000664 | lr=5.00e-04
00:26:10 | Epoch  37 | train_loss=0.000757 | val_loss=0.000636 | lr=5.00e-04
00:26:33 | Epoch  38 | train_loss=0.000791 | val_loss=0.000687 | lr=5.00e-04
00:26:55 | Epoch  39 | train_loss=0.000713 | val_loss=0.000651 | lr=5.00e-04
00:27:18 | Epoch  40 | train_loss=0.000733 | val_loss=0.000625 | lr=2.50e-04
00:27:42 | Epoch  41 | train_loss=0.000686 | val_loss=0.000647 | lr=2.50e-04
00:28:05 | Epoch  42 | train_loss=0.000646 | val_loss=0.000587 | lr=2.50e-04
00:28:28 | Epoch  43 | train_loss=0.000653 | val_loss=0.000560 | lr=2.50e-04
00:28:50 | Epoch  44 | train_loss=0.000668 | val_loss=0.000598 | lr=2.50e-04
00:29:13 | Epoch  45 | train_loss=0.000667 | val_loss=0.000644 | lr=2.50e-04
00:29:36 | Epoch  46 | train_loss=0.000663 | val_loss=0.000630 | lr=2.50e-04
00:29:58 | Epoch  47 | train_loss=0.000676 | val_loss=0.000689 | lr=2.50e-04
00:30:21 | Epoch  48 | train_loss=0.000717 | val_loss=0.000650 | lr=2.50e-04
00:30:44 | Epoch  49 | train_loss=0.000670 | val_loss=0.000601 | lr=2.50e-04
00:31:07 | Epoch  50 | train_loss=0.000628 | val_loss=0.000608 | lr=2.50e-04
00:31:07 | 
Training completed in 1149.0s (19.2 min)
00:31:07 | Best val_loss: 0.000560 at epoch 43
