14:12:27 | Logging to checkpoints/logs/dncnn_20260529_141227.log
14:12:27 | 
============================================================
14:12:27 | Training DNCNN on cuda
14:12:27 | ============================================================
14:12:27 | Train batches: 20, Val batches: 5
14:12:27 | Model parameters: 556,032
14:12:31 | Epoch   1 | train_loss=0.072323 | val_loss=0.019180 | lr=1.00e-03
14:12:32 | Epoch   2 | train_loss=0.009883 | val_loss=0.009952 | lr=1.00e-03
14:12:32 | Epoch   3 | train_loss=0.008822 | val_loss=0.008368 | lr=1.00e-03
14:12:33 | Epoch   4 | train_loss=0.007671 | val_loss=0.007013 | lr=1.00e-03
14:12:34 | Epoch   5 | train_loss=0.006277 | val_loss=0.005621 | lr=1.00e-03
14:12:35 | Epoch   6 | train_loss=0.005332 | val_loss=0.004624 | lr=1.00e-03
14:12:36 | Epoch   7 | train_loss=0.004466 | val_loss=0.004111 | lr=1.00e-03
14:12:37 | Epoch   8 | train_loss=0.003719 | val_loss=0.003386 | lr=1.00e-03
14:12:38 | Epoch   9 | train_loss=0.003131 | val_loss=0.002912 | lr=1.00e-03
14:12:38 | Epoch  10 | train_loss=0.002675 | val_loss=0.002486 | lr=1.00e-03
14:12:38 | Epoch  11 | train_loss=0.002370 | val_loss=0.002308 | lr=1.00e-03
14:12:39 | Epoch  12 | train_loss=0.002152 | val_loss=0.001990 | lr=1.00e-03
14:12:40 | Epoch  13 | train_loss=0.002015 | val_loss=0.001948 | lr=1.00e-03
14:12:41 | Epoch  14 | train_loss=0.001860 | val_loss=0.001917 | lr=1.00e-03
14:12:42 | Epoch  15 | train_loss=0.001743 | val_loss=0.001777 | lr=1.00e-03
14:12:43 | Epoch  16 | train_loss=0.001640 | val_loss=0.001514 | lr=1.00e-03
14:12:44 | Epoch  17 | train_loss=0.001595 | val_loss=0.001445 | lr=1.00e-03
14:12:45 | Epoch  18 | train_loss=0.001502 | val_loss=0.001512 | lr=1.00e-03
14:12:46 | Epoch  19 | train_loss=0.001430 | val_loss=0.001260 | lr=1.00e-03
14:12:47 | Epoch  20 | train_loss=0.001396 | val_loss=0.001392 | lr=5.00e-04
14:12:48 | Epoch  21 | train_loss=0.001282 | val_loss=0.001231 | lr=5.00e-04
14:12:49 | Epoch  22 | train_loss=0.001302 | val_loss=0.001145 | lr=5.00e-04
14:12:50 | Epoch  23 | train_loss=0.001242 | val_loss=0.001154 | lr=5.00e-04
14:12:50 | Epoch  24 | train_loss=0.001232 | val_loss=0.001100 | lr=5.00e-04
14:12:51 | Epoch  25 | train_loss=0.001182 | val_loss=0.001119 | lr=5.00e-04
14:12:52 | Epoch  26 | train_loss=0.001118 | val_loss=0.001084 | lr=5.00e-04
14:12:53 | Epoch  27 | train_loss=0.001169 | val_loss=0.001147 | lr=5.00e-04
14:12:54 | Epoch  28 | train_loss=0.001151 | val_loss=0.001135 | lr=5.00e-04
14:12:55 | Epoch  29 | train_loss=0.001060 | val_loss=0.000999 | lr=5.00e-04
14:12:56 | Epoch  30 | train_loss=0.001087 | val_loss=0.000993 | lr=5.00e-04
14:12:57 | Epoch  31 | train_loss=0.001034 | val_loss=0.000987 | lr=5.00e-04
14:12:58 | Epoch  32 | train_loss=0.001025 | val_loss=0.000892 | lr=5.00e-04
14:12:59 | Epoch  33 | train_loss=0.001034 | val_loss=0.000870 | lr=5.00e-04
14:13:00 | Epoch  34 | train_loss=0.000967 | val_loss=0.000939 | lr=5.00e-04
14:13:01 | Epoch  35 | train_loss=0.000986 | val_loss=0.000983 | lr=5.00e-04
14:13:01 | Epoch  36 | train_loss=0.000996 | val_loss=0.000925 | lr=5.00e-04
14:13:02 | Epoch  37 | train_loss=0.000973 | val_loss=0.000962 | lr=5.00e-04
14:13:03 | Epoch  38 | train_loss=0.000925 | val_loss=0.000886 | lr=5.00e-04
14:13:04 | Epoch  39 | train_loss=0.000956 | val_loss=0.000902 | lr=5.00e-04
14:13:05 | Epoch  40 | train_loss=0.000931 | val_loss=0.000845 | lr=2.50e-04
14:13:06 | Epoch  41 | train_loss=0.000875 | val_loss=0.000824 | lr=2.50e-04
14:13:07 | Epoch  42 | train_loss=0.000867 | val_loss=0.000748 | lr=2.50e-04
14:13:08 | Epoch  43 | train_loss=0.000876 | val_loss=0.000822 | lr=2.50e-04
14:13:09 | Epoch  44 | train_loss=0.000864 | val_loss=0.000766 | lr=2.50e-04
14:13:09 | Epoch  45 | train_loss=0.000867 | val_loss=0.000867 | lr=2.50e-04
14:13:10 | Epoch  46 | train_loss=0.000855 | val_loss=0.000831 | lr=2.50e-04
14:13:10 | Epoch  47 | train_loss=0.000868 | val_loss=0.000796 | lr=2.50e-04
14:13:11 | Epoch  48 | train_loss=0.000867 | val_loss=0.000815 | lr=2.50e-04
14:13:12 | Epoch  49 | train_loss=0.000832 | val_loss=0.000785 | lr=2.50e-04
14:13:13 | Epoch  50 | train_loss=0.000868 | val_loss=0.000730 | lr=2.50e-04
14:13:13 | 
Training completed in 44.3s (0.7 min)
14:13:13 | Best val_loss: 0.000730 at epoch 50
