14:31:44 | Logging to checkpoints/logs/ours_20260529_143144.log
14:31:44 | 
============================================================
14:31:44 | Training OURS on cuda
14:31:44 | ============================================================
14:31:44 | Train batches: 20, Val batches: 5
14:31:44 | Model parameters: 596,880
14:31:45 | Epoch   1 | train_loss=0.297149 | val_loss=0.011348 | lr=1.00e-03
14:31:46 | Epoch   2 | train_loss=0.007578 | val_loss=0.002436 | lr=1.00e-03
14:31:48 | Epoch   3 | train_loss=0.001573 | val_loss=0.001312 | lr=1.00e-03
14:31:49 | Epoch   4 | train_loss=0.001103 | val_loss=0.000943 | lr=1.00e-03
14:31:51 | Epoch   5 | train_loss=0.000928 | val_loss=0.000842 | lr=1.00e-03
14:31:52 | Epoch   6 | train_loss=0.000865 | val_loss=0.000769 | lr=1.00e-03
14:31:54 | Epoch   7 | train_loss=0.000771 | val_loss=0.000756 | lr=1.00e-03
14:31:55 | Epoch   8 | train_loss=0.000753 | val_loss=0.000678 | lr=1.00e-03
14:31:57 | Epoch   9 | train_loss=0.000735 | val_loss=0.000627 | lr=1.00e-03
14:31:58 | Epoch  10 | train_loss=0.000687 | val_loss=0.000642 | lr=1.00e-03
14:31:59 | Epoch  11 | train_loss=0.000657 | val_loss=0.000624 | lr=1.00e-03
14:32:01 | Epoch  12 | train_loss=0.000632 | val_loss=0.000610 | lr=1.00e-03
14:32:01 | Epoch  13 | train_loss=0.000623 | val_loss=0.000519 | lr=1.00e-03
14:32:03 | Epoch  14 | train_loss=0.000579 | val_loss=0.000617 | lr=1.00e-03
14:32:04 | Epoch  15 | train_loss=0.000575 | val_loss=0.000533 | lr=1.00e-03
14:32:06 | Epoch  16 | train_loss=0.000581 | val_loss=0.000559 | lr=1.00e-03
14:32:07 | Epoch  17 | train_loss=0.000563 | val_loss=0.000550 | lr=1.00e-03
14:32:08 | Epoch  18 | train_loss=0.000543 | val_loss=0.000523 | lr=1.00e-03
14:32:10 | Epoch  19 | train_loss=0.000521 | val_loss=0.000488 | lr=1.00e-03
14:32:11 | Epoch  20 | train_loss=0.000518 | val_loss=0.000530 | lr=5.00e-04
14:32:12 | Epoch  21 | train_loss=0.000512 | val_loss=0.000523 | lr=5.00e-04
14:32:13 | Epoch  22 | train_loss=0.000490 | val_loss=0.000489 | lr=5.00e-04
14:32:15 | Epoch  23 | train_loss=0.000509 | val_loss=0.000542 | lr=5.00e-04
14:32:16 | Epoch  24 | train_loss=0.000495 | val_loss=0.000467 | lr=5.00e-04
14:32:18 | Epoch  25 | train_loss=0.000483 | val_loss=0.000523 | lr=5.00e-04
14:32:19 | Epoch  26 | train_loss=0.000486 | val_loss=0.000473 | lr=5.00e-04
14:32:21 | Epoch  27 | train_loss=0.000475 | val_loss=0.000471 | lr=5.00e-04
14:32:22 | Epoch  28 | train_loss=0.000538 | val_loss=0.000501 | lr=5.00e-04
14:32:23 | Epoch  29 | train_loss=0.000484 | val_loss=0.000439 | lr=5.00e-04
14:32:25 | Epoch  30 | train_loss=0.000513 | val_loss=0.000534 | lr=5.00e-04
14:32:26 | Epoch  31 | train_loss=0.000487 | val_loss=0.000473 | lr=5.00e-04
14:32:28 | Epoch  32 | train_loss=0.000497 | val_loss=0.000456 | lr=5.00e-04
14:32:29 | Epoch  33 | train_loss=0.000465 | val_loss=0.000463 | lr=5.00e-04
14:32:30 | Epoch  34 | train_loss=0.000467 | val_loss=0.000466 | lr=5.00e-04
14:32:32 | Epoch  35 | train_loss=0.000494 | val_loss=0.000486 | lr=5.00e-04
14:32:32 | Epoch  36 | train_loss=0.000483 | val_loss=0.000502 | lr=5.00e-04
14:32:34 | Epoch  37 | train_loss=0.000469 | val_loss=0.000467 | lr=5.00e-04
14:32:35 | Epoch  38 | train_loss=0.000478 | val_loss=0.000474 | lr=5.00e-04
14:32:36 | Epoch  39 | train_loss=0.000478 | val_loss=0.000482 | lr=5.00e-04
14:32:38 | Epoch  40 | train_loss=0.000467 | val_loss=0.000462 | lr=2.50e-04
14:32:39 | Epoch  41 | train_loss=0.000488 | val_loss=0.000430 | lr=2.50e-04
14:32:41 | Epoch  42 | train_loss=0.000464 | val_loss=0.000483 | lr=2.50e-04
14:32:42 | Epoch  43 | train_loss=0.000454 | val_loss=0.000427 | lr=2.50e-04
14:32:44 | Epoch  44 | train_loss=0.000471 | val_loss=0.000430 | lr=2.50e-04
14:32:45 | Epoch  45 | train_loss=0.000476 | val_loss=0.000460 | lr=2.50e-04
14:32:47 | Epoch  46 | train_loss=0.000458 | val_loss=0.000433 | lr=2.50e-04
14:32:48 | Epoch  47 | train_loss=0.000449 | val_loss=0.000513 | lr=2.50e-04
14:32:49 | Epoch  48 | train_loss=0.000457 | val_loss=0.000439 | lr=2.50e-04
14:32:51 | Epoch  49 | train_loss=0.000475 | val_loss=0.000430 | lr=2.50e-04
14:32:52 | Epoch  50 | train_loss=0.000457 | val_loss=0.000409 | lr=2.50e-04
14:32:52 | 
Training completed in 68.7s (1.1 min)
14:32:52 | Best val_loss: 0.000409 at epoch 50
