08:56:42 | Logging to checkpoints/logs/ours_20260529_085642.log
08:56:42 | 
============================================================
08:56:42 | Training OURS on cpu
08:56:42 | ============================================================
08:56:42 | Train batches: 20, Val batches: 5
08:56:42 | Model parameters: 596,096
08:57:05 | Epoch   1 | train_loss=0.991183 | val_loss=0.011116 | lr=1.00e-03
08:57:27 | Epoch   2 | train_loss=0.024340 | val_loss=0.009455 | lr=1.00e-03
08:57:50 | Epoch   3 | train_loss=0.004797 | val_loss=0.002840 | lr=1.00e-03
08:58:13 | Epoch   4 | train_loss=0.002141 | val_loss=0.001733 | lr=1.00e-03
08:58:35 | Epoch   5 | train_loss=0.001641 | val_loss=0.001478 | lr=1.00e-03
08:58:57 | Epoch   6 | train_loss=0.001535 | val_loss=0.001340 | lr=1.00e-03
08:59:20 | Epoch   7 | train_loss=0.001310 | val_loss=0.001279 | lr=1.00e-03
08:59:42 | Epoch   8 | train_loss=0.001235 | val_loss=0.001132 | lr=1.00e-03
09:00:04 | Epoch   9 | train_loss=0.001113 | val_loss=0.000995 | lr=1.00e-03
09:00:27 | Epoch  10 | train_loss=0.001079 | val_loss=0.001032 | lr=1.00e-03
09:00:49 | Epoch  11 | train_loss=0.000970 | val_loss=0.000939 | lr=1.00e-03
09:01:11 | Epoch  12 | train_loss=0.000966 | val_loss=0.000894 | lr=1.00e-03
09:01:34 | Epoch  13 | train_loss=0.000984 | val_loss=0.000844 | lr=1.00e-03
09:01:56 | Epoch  14 | train_loss=0.000907 | val_loss=0.000787 | lr=1.00e-03
09:02:18 | Epoch  15 | train_loss=0.000845 | val_loss=0.000792 | lr=1.00e-03
09:02:41 | Epoch  16 | train_loss=0.000835 | val_loss=0.000772 | lr=1.00e-03
09:03:03 | Epoch  17 | train_loss=0.000823 | val_loss=0.000779 | lr=1.00e-03
09:03:26 | Epoch  18 | train_loss=0.000787 | val_loss=0.000730 | lr=1.00e-03
09:03:48 | Epoch  19 | train_loss=0.000784 | val_loss=0.000695 | lr=1.00e-03
09:04:10 | Epoch  20 | train_loss=0.000765 | val_loss=0.000747 | lr=5.00e-04
09:04:33 | Epoch  21 | train_loss=0.000722 | val_loss=0.000705 | lr=5.00e-04
09:04:55 | Epoch  22 | train_loss=0.000768 | val_loss=0.000668 | lr=5.00e-04
09:05:17 | Epoch  23 | train_loss=0.000690 | val_loss=0.000621 | lr=5.00e-04
09:05:40 | Epoch  24 | train_loss=0.000677 | val_loss=0.000620 | lr=5.00e-04
09:06:02 | Epoch  25 | train_loss=0.000669 | val_loss=0.000588 | lr=5.00e-04
09:06:25 | Epoch  26 | train_loss=0.000678 | val_loss=0.000693 | lr=5.00e-04
09:06:47 | Epoch  27 | train_loss=0.000688 | val_loss=0.000654 | lr=5.00e-04
09:07:09 | Epoch  28 | train_loss=0.000682 | val_loss=0.000675 | lr=5.00e-04
09:07:32 | Epoch  29 | train_loss=0.000664 | val_loss=0.000631 | lr=5.00e-04
09:07:53 | Epoch  30 | train_loss=0.000641 | val_loss=0.000611 | lr=5.00e-04
09:08:16 | Epoch  31 | train_loss=0.000660 | val_loss=0.000646 | lr=5.00e-04
09:08:38 | Epoch  32 | train_loss=0.000687 | val_loss=0.000584 | lr=5.00e-04
09:09:00 | Epoch  33 | train_loss=0.000631 | val_loss=0.000580 | lr=5.00e-04
09:09:23 | Epoch  34 | train_loss=0.000654 | val_loss=0.000578 | lr=5.00e-04
09:09:46 | Epoch  35 | train_loss=0.000630 | val_loss=0.000630 | lr=5.00e-04
09:10:08 | Epoch  36 | train_loss=0.000625 | val_loss=0.000591 | lr=5.00e-04
09:10:31 | Epoch  37 | train_loss=0.000653 | val_loss=0.000594 | lr=5.00e-04
09:10:54 | Epoch  38 | train_loss=0.000602 | val_loss=0.000539 | lr=5.00e-04
09:11:16 | Epoch  39 | train_loss=0.000605 | val_loss=0.000639 | lr=5.00e-04
09:11:37 | Epoch  40 | train_loss=0.000608 | val_loss=0.000566 | lr=2.50e-04
09:12:00 | Epoch  41 | train_loss=0.000615 | val_loss=0.000556 | lr=2.50e-04
09:12:22 | Epoch  42 | train_loss=0.000625 | val_loss=0.000531 | lr=2.50e-04
09:12:44 | Epoch  43 | train_loss=0.000601 | val_loss=0.000542 | lr=2.50e-04
09:13:07 | Epoch  44 | train_loss=0.000581 | val_loss=0.000582 | lr=2.50e-04
09:13:29 | Epoch  45 | train_loss=0.000589 | val_loss=0.000573 | lr=2.50e-04
09:13:51 | Epoch  46 | train_loss=0.000563 | val_loss=0.000535 | lr=2.50e-04
09:14:13 | Epoch  47 | train_loss=0.000574 | val_loss=0.000489 | lr=2.50e-04
09:14:36 | Epoch  48 | train_loss=0.000590 | val_loss=0.000533 | lr=2.50e-04
09:14:58 | Epoch  49 | train_loss=0.000601 | val_loss=0.000512 | lr=2.50e-04
09:15:20 | Epoch  50 | train_loss=0.000549 | val_loss=0.000519 | lr=2.50e-04
09:15:20 | 
Training completed in 1117.9s (18.6 min)
09:15:20 | Best val_loss: 0.000489 at epoch 47
