11:26:28 | Logging to checkpoints/logs/ours_20260529_112628.log
11:26:28 | 
============================================================
11:26:28 | Training OURS on cpu
11:26:28 | ============================================================
11:26:28 | Train batches: 20, Val batches: 5
11:26:28 | Model parameters: 596,096
11:26:50 | Epoch   1 | train_loss=0.171508 | val_loss=0.010107 | lr=1.00e-03
11:27:12 | Epoch   2 | train_loss=0.006595 | val_loss=0.003298 | lr=1.00e-03
11:27:34 | Epoch   3 | train_loss=0.004004 | val_loss=0.003911 | lr=1.00e-03
11:27:57 | Epoch   4 | train_loss=0.002348 | val_loss=0.001915 | lr=1.00e-03
11:28:19 | Epoch   5 | train_loss=0.001809 | val_loss=0.001043 | lr=1.00e-03
11:28:41 | Epoch   6 | train_loss=0.001290 | val_loss=0.001021 | lr=1.00e-03
11:29:03 | Epoch   7 | train_loss=0.001545 | val_loss=0.001647 | lr=1.00e-03
11:29:25 | Epoch   8 | train_loss=0.001301 | val_loss=0.001641 | lr=1.00e-03
11:29:47 | Epoch   9 | train_loss=0.001290 | val_loss=0.001165 | lr=1.00e-03
11:30:09 | Epoch  10 | train_loss=0.001474 | val_loss=0.001074 | lr=1.00e-03
11:30:32 | Epoch  11 | train_loss=0.000970 | val_loss=0.000838 | lr=1.00e-03
11:30:54 | Epoch  12 | train_loss=0.000876 | val_loss=0.000832 | lr=1.00e-03
11:31:16 | Epoch  13 | train_loss=0.001035 | val_loss=0.001918 | lr=1.00e-03
11:31:39 | Epoch  14 | train_loss=0.001209 | val_loss=0.000773 | lr=1.00e-03
11:32:01 | Epoch  15 | train_loss=0.001088 | val_loss=0.000979 | lr=1.00e-03
11:32:23 | Epoch  16 | train_loss=0.001050 | val_loss=0.000780 | lr=1.00e-03
11:32:46 | Epoch  17 | train_loss=0.001020 | val_loss=0.001741 | lr=1.00e-03
11:33:07 | Epoch  18 | train_loss=0.000966 | val_loss=0.000875 | lr=1.00e-03
11:33:29 | Epoch  19 | train_loss=0.000905 | val_loss=0.000605 | lr=1.00e-03
11:33:51 | Epoch  20 | train_loss=0.000741 | val_loss=0.000705 | lr=5.00e-04
11:34:14 | Epoch  21 | train_loss=0.000725 | val_loss=0.000599 | lr=5.00e-04
11:34:36 | Epoch  22 | train_loss=0.000676 | val_loss=0.000661 | lr=5.00e-04
11:34:58 | Epoch  23 | train_loss=0.000630 | val_loss=0.000629 | lr=5.00e-04
11:35:21 | Epoch  24 | train_loss=0.000645 | val_loss=0.000538 | lr=5.00e-04
11:35:42 | Epoch  25 | train_loss=0.000636 | val_loss=0.000567 | lr=5.00e-04
11:36:04 | Epoch  26 | train_loss=0.000650 | val_loss=0.000573 | lr=5.00e-04
11:36:27 | Epoch  27 | train_loss=0.000656 | val_loss=0.000674 | lr=5.00e-04
11:36:50 | Epoch  28 | train_loss=0.000753 | val_loss=0.000613 | lr=5.00e-04
11:37:12 | Epoch  29 | train_loss=0.000616 | val_loss=0.000573 | lr=5.00e-04
11:37:35 | Epoch  30 | train_loss=0.000601 | val_loss=0.000541 | lr=5.00e-04
11:37:58 | Epoch  31 | train_loss=0.000597 | val_loss=0.000568 | lr=5.00e-04
11:38:20 | Epoch  32 | train_loss=0.000604 | val_loss=0.000551 | lr=5.00e-04
11:38:42 | Epoch  33 | train_loss=0.000639 | val_loss=0.000549 | lr=5.00e-04
11:39:05 | Epoch  34 | train_loss=0.000612 | val_loss=0.000664 | lr=5.00e-04
11:39:27 | Epoch  35 | train_loss=0.000672 | val_loss=0.000545 | lr=5.00e-04
11:39:49 | Epoch  36 | train_loss=0.000640 | val_loss=0.000558 | lr=5.00e-04
11:40:11 | Epoch  37 | train_loss=0.000582 | val_loss=0.000474 | lr=5.00e-04
11:40:33 | Epoch  38 | train_loss=0.000570 | val_loss=0.000568 | lr=5.00e-04
11:40:55 | Epoch  39 | train_loss=0.000609 | val_loss=0.000522 | lr=5.00e-04
11:41:18 | Epoch  40 | train_loss=0.000552 | val_loss=0.000544 | lr=2.50e-04
11:41:41 | Epoch  41 | train_loss=0.000552 | val_loss=0.000531 | lr=2.50e-04
11:42:03 | Epoch  42 | train_loss=0.000529 | val_loss=0.000489 | lr=2.50e-04
11:42:25 | Epoch  43 | train_loss=0.000557 | val_loss=0.000456 | lr=2.50e-04
11:42:47 | Epoch  44 | train_loss=0.000551 | val_loss=0.000537 | lr=2.50e-04
11:43:10 | Epoch  45 | train_loss=0.000553 | val_loss=0.000545 | lr=2.50e-04
11:43:32 | Epoch  46 | train_loss=0.000537 | val_loss=0.000476 | lr=2.50e-04
11:43:54 | Epoch  47 | train_loss=0.000521 | val_loss=0.000473 | lr=2.50e-04
11:44:17 | Epoch  48 | train_loss=0.000502 | val_loss=0.000506 | lr=2.50e-04
11:44:40 | Epoch  49 | train_loss=0.000521 | val_loss=0.000500 | lr=2.50e-04
11:45:01 | Epoch  50 | train_loss=0.000535 | val_loss=0.000502 | lr=2.50e-04
11:45:01 | 
Training completed in 1114.0s (18.6 min)
11:45:01 | Best val_loss: 0.000456 at epoch 43
