01:35:02 | Logging to checkpoints/logs/ours_20260529_013502.log
01:35:02 | 
============================================================
01:35:02 | Training OURS on cpu
01:35:02 | ============================================================
01:35:02 | Train batches: 20, Val batches: 5
01:35:02 | Model parameters: 596,096
01:35:26 | Epoch   1 | train_loss=0.880164 | val_loss=0.010382 | lr=1.00e-03
01:35:50 | Epoch   2 | train_loss=0.013662 | val_loss=0.004097 | lr=1.00e-03
01:36:14 | Epoch   3 | train_loss=0.002827 | val_loss=0.001708 | lr=1.00e-03
01:36:38 | Epoch   4 | train_loss=0.001584 | val_loss=0.001324 | lr=1.00e-03
01:37:02 | Epoch   5 | train_loss=0.001311 | val_loss=0.001216 | lr=1.00e-03
01:37:27 | Epoch   6 | train_loss=0.001150 | val_loss=0.001050 | lr=1.00e-03
01:37:51 | Epoch   7 | train_loss=0.001123 | val_loss=0.001052 | lr=1.00e-03
01:38:14 | Epoch   8 | train_loss=0.001026 | val_loss=0.000974 | lr=1.00e-03
01:38:38 | Epoch   9 | train_loss=0.000960 | val_loss=0.000927 | lr=1.00e-03
01:39:02 | Epoch  10 | train_loss=0.000943 | val_loss=0.000880 | lr=1.00e-03
01:39:27 | Epoch  11 | train_loss=0.000884 | val_loss=0.000822 | lr=1.00e-03
01:39:51 | Epoch  12 | train_loss=0.000853 | val_loss=0.000846 | lr=1.00e-03
01:40:15 | Epoch  13 | train_loss=0.000832 | val_loss=0.000831 | lr=1.00e-03
01:40:39 | Epoch  14 | train_loss=0.000819 | val_loss=0.000737 | lr=1.00e-03
01:41:03 | Epoch  15 | train_loss=0.000785 | val_loss=0.000773 | lr=1.00e-03
01:41:29 | Epoch  16 | train_loss=0.000764 | val_loss=0.000745 | lr=1.00e-03
01:41:54 | Epoch  17 | train_loss=0.000745 | val_loss=0.000654 | lr=1.00e-03
01:42:19 | Epoch  18 | train_loss=0.000769 | val_loss=0.000723 | lr=1.00e-03
01:42:46 | Epoch  19 | train_loss=0.000728 | val_loss=0.000632 | lr=1.00e-03
01:43:10 | Epoch  20 | train_loss=0.000687 | val_loss=0.000642 | lr=5.00e-04
01:43:34 | Epoch  21 | train_loss=0.000677 | val_loss=0.000662 | lr=5.00e-04
01:43:59 | Epoch  22 | train_loss=0.000682 | val_loss=0.000711 | lr=5.00e-04
01:44:23 | Epoch  23 | train_loss=0.000697 | val_loss=0.000605 | lr=5.00e-04
01:44:47 | Epoch  24 | train_loss=0.000654 | val_loss=0.000655 | lr=5.00e-04
01:45:11 | Epoch  25 | train_loss=0.000645 | val_loss=0.000590 | lr=5.00e-04
01:45:35 | Epoch  26 | train_loss=0.000663 | val_loss=0.000605 | lr=5.00e-04
01:45:59 | Epoch  27 | train_loss=0.000641 | val_loss=0.000607 | lr=5.00e-04
01:46:23 | Epoch  28 | train_loss=0.000616 | val_loss=0.000561 | lr=5.00e-04
01:46:47 | Epoch  29 | train_loss=0.000655 | val_loss=0.000615 | lr=5.00e-04
01:47:11 | Epoch  30 | train_loss=0.000606 | val_loss=0.000566 | lr=5.00e-04
01:47:35 | Epoch  31 | train_loss=0.000611 | val_loss=0.000634 | lr=5.00e-04
01:47:59 | Epoch  32 | train_loss=0.000616 | val_loss=0.000547 | lr=5.00e-04
01:48:23 | Epoch  33 | train_loss=0.000603 | val_loss=0.000528 | lr=5.00e-04
01:48:47 | Epoch  34 | train_loss=0.000623 | val_loss=0.000595 | lr=5.00e-04
01:49:11 | Epoch  35 | train_loss=0.000624 | val_loss=0.000535 | lr=5.00e-04
01:49:35 | Epoch  36 | train_loss=0.000620 | val_loss=0.000592 | lr=5.00e-04
01:49:59 | Epoch  37 | train_loss=0.000625 | val_loss=0.000532 | lr=5.00e-04
01:50:23 | Epoch  38 | train_loss=0.000580 | val_loss=0.000547 | lr=5.00e-04
01:50:47 | Epoch  39 | train_loss=0.000592 | val_loss=0.000572 | lr=5.00e-04
01:51:11 | Epoch  40 | train_loss=0.000552 | val_loss=0.000512 | lr=2.50e-04
01:51:35 | Epoch  41 | train_loss=0.000565 | val_loss=0.000592 | lr=2.50e-04
01:52:00 | Epoch  42 | train_loss=0.000579 | val_loss=0.000533 | lr=2.50e-04
01:52:24 | Epoch  43 | train_loss=0.000571 | val_loss=0.000565 | lr=2.50e-04
01:52:48 | Epoch  44 | train_loss=0.000571 | val_loss=0.000588 | lr=2.50e-04
01:53:13 | Epoch  45 | train_loss=0.000540 | val_loss=0.000491 | lr=2.50e-04
01:53:37 | Epoch  46 | train_loss=0.000559 | val_loss=0.000562 | lr=2.50e-04
01:54:01 | Epoch  47 | train_loss=0.000583 | val_loss=0.000551 | lr=2.50e-04
01:54:25 | Epoch  48 | train_loss=0.000543 | val_loss=0.000570 | lr=2.50e-04
01:54:49 | Epoch  49 | train_loss=0.000564 | val_loss=0.000495 | lr=2.50e-04
01:55:13 | Epoch  50 | train_loss=0.000570 | val_loss=0.000520 | lr=2.50e-04
01:55:13 | 
Training completed in 1210.5s (20.2 min)
01:55:13 | Best val_loss: 0.000491 at epoch 45
