08:39:27 | Logging to checkpoints/logs/ours_20260529_083927.log
08:39:27 | 
============================================================
08:39:27 | Training OURS on cpu
08:39:27 | ============================================================
08:39:27 | Train batches: 20, Val batches: 5
08:39:27 | Model parameters: 592,000
08:39:48 | Epoch   1 | train_loss=0.854440 | val_loss=0.041199 | lr=1.00e-03
08:40:09 | Epoch   2 | train_loss=0.012721 | val_loss=0.006024 | lr=1.00e-03
08:40:29 | Epoch   3 | train_loss=0.004684 | val_loss=0.004539 | lr=1.00e-03
08:40:50 | Epoch   4 | train_loss=0.003170 | val_loss=0.002660 | lr=1.00e-03
08:41:10 | Epoch   5 | train_loss=0.002976 | val_loss=0.002163 | lr=1.00e-03
08:41:31 | Epoch   6 | train_loss=0.002116 | val_loss=0.002347 | lr=1.00e-03
08:41:51 | Epoch   7 | train_loss=0.002052 | val_loss=0.001836 | lr=1.00e-03
08:42:12 | Epoch   8 | train_loss=0.002064 | val_loss=0.002741 | lr=1.00e-03
08:42:32 | Epoch   9 | train_loss=0.002013 | val_loss=0.001434 | lr=1.00e-03
08:42:53 | Epoch  10 | train_loss=0.002054 | val_loss=0.002396 | lr=1.00e-03
08:43:13 | Epoch  11 | train_loss=0.004016 | val_loss=0.008869 | lr=1.00e-03
08:43:34 | Epoch  12 | train_loss=0.004187 | val_loss=0.004369 | lr=1.00e-03
08:43:55 | Epoch  13 | train_loss=0.001826 | val_loss=0.001482 | lr=1.00e-03
08:44:15 | Epoch  14 | train_loss=0.001797 | val_loss=0.001657 | lr=1.00e-03
08:44:36 | Epoch  15 | train_loss=0.001585 | val_loss=0.001138 | lr=1.00e-03
08:44:57 | Epoch  16 | train_loss=0.001416 | val_loss=0.001053 | lr=1.00e-03
08:45:18 | Epoch  17 | train_loss=0.001247 | val_loss=0.001035 | lr=1.00e-03
08:45:38 | Epoch  18 | train_loss=0.001596 | val_loss=0.001438 | lr=1.00e-03
08:45:59 | Epoch  19 | train_loss=0.001357 | val_loss=0.001043 | lr=1.00e-03
08:46:19 | Epoch  20 | train_loss=0.002099 | val_loss=0.004091 | lr=5.00e-04
08:46:40 | Epoch  21 | train_loss=0.001950 | val_loss=0.001088 | lr=5.00e-04
08:47:01 | Epoch  22 | train_loss=0.001281 | val_loss=0.000997 | lr=5.00e-04
08:47:21 | Epoch  23 | train_loss=0.001008 | val_loss=0.000964 | lr=5.00e-04
08:47:42 | Epoch  24 | train_loss=0.000998 | val_loss=0.000900 | lr=5.00e-04
08:48:03 | Epoch  25 | train_loss=0.001074 | val_loss=0.001079 | lr=5.00e-04
08:48:23 | Epoch  26 | train_loss=0.000993 | val_loss=0.000900 | lr=5.00e-04
08:48:44 | Epoch  27 | train_loss=0.001048 | val_loss=0.000914 | lr=5.00e-04
08:49:05 | Epoch  28 | train_loss=0.000962 | val_loss=0.000866 | lr=5.00e-04
08:49:25 | Epoch  29 | train_loss=0.000923 | val_loss=0.000804 | lr=5.00e-04
08:49:46 | Epoch  30 | train_loss=0.000918 | val_loss=0.000858 | lr=5.00e-04
08:50:06 | Epoch  31 | train_loss=0.000949 | val_loss=0.000845 | lr=5.00e-04
08:50:27 | Epoch  32 | train_loss=0.000942 | val_loss=0.000899 | lr=5.00e-04
08:50:48 | Epoch  33 | train_loss=0.000908 | val_loss=0.000960 | lr=5.00e-04
08:51:09 | Epoch  34 | train_loss=0.000893 | val_loss=0.000852 | lr=5.00e-04
08:51:30 | Epoch  35 | train_loss=0.000926 | val_loss=0.000972 | lr=5.00e-04
08:51:51 | Epoch  36 | train_loss=0.000919 | val_loss=0.000866 | lr=5.00e-04
08:52:12 | Epoch  37 | train_loss=0.000901 | val_loss=0.000819 | lr=5.00e-04
08:52:32 | Epoch  38 | train_loss=0.000865 | val_loss=0.000811 | lr=5.00e-04
08:52:54 | Epoch  39 | train_loss=0.000824 | val_loss=0.000762 | lr=5.00e-04
08:53:14 | Epoch  40 | train_loss=0.000844 | val_loss=0.000830 | lr=2.50e-04
08:53:35 | Epoch  41 | train_loss=0.000812 | val_loss=0.000772 | lr=2.50e-04
08:53:57 | Epoch  42 | train_loss=0.000842 | val_loss=0.000730 | lr=2.50e-04
08:54:17 | Epoch  43 | train_loss=0.000817 | val_loss=0.000774 | lr=2.50e-04
08:54:38 | Epoch  44 | train_loss=0.000809 | val_loss=0.000787 | lr=2.50e-04
08:54:59 | Epoch  45 | train_loss=0.000810 | val_loss=0.000773 | lr=2.50e-04
08:55:20 | Epoch  46 | train_loss=0.000771 | val_loss=0.000755 | lr=2.50e-04
08:55:41 | Epoch  47 | train_loss=0.000775 | val_loss=0.000701 | lr=2.50e-04
08:56:02 | Epoch  48 | train_loss=0.000826 | val_loss=0.000697 | lr=2.50e-04
08:56:22 | Epoch  49 | train_loss=0.000778 | val_loss=0.000727 | lr=2.50e-04
08:56:42 | Epoch  50 | train_loss=0.000775 | val_loss=0.000763 | lr=2.50e-04
08:56:42 | 
Training completed in 1035.4s (17.3 min)
08:56:42 | Best val_loss: 0.000697 at epoch 48
