11:45:01 | Logging to checkpoints/logs/ours_20260529_114501.log
11:45:01 | 
============================================================
11:45:01 | Training OURS on cpu
11:45:01 | ============================================================
11:45:01 | Train batches: 20, Val batches: 5
11:45:02 | Model parameters: 596,880
11:45:27 | Epoch   1 | train_loss=0.185457 | val_loss=0.008066 | lr=1.00e-03
11:45:54 | Epoch   2 | train_loss=0.005388 | val_loss=0.002614 | lr=1.00e-03
11:46:20 | Epoch   3 | train_loss=0.001426 | val_loss=0.001077 | lr=1.00e-03
11:46:46 | Epoch   4 | train_loss=0.000987 | val_loss=0.000919 | lr=1.00e-03
11:47:12 | Epoch   5 | train_loss=0.000844 | val_loss=0.000834 | lr=1.00e-03
11:47:37 | Epoch   6 | train_loss=0.000769 | val_loss=0.000692 | lr=1.00e-03
11:48:04 | Epoch   7 | train_loss=0.000702 | val_loss=0.000681 | lr=1.00e-03
11:48:29 | Epoch   8 | train_loss=0.000685 | val_loss=0.000610 | lr=1.00e-03
11:48:56 | Epoch   9 | train_loss=0.000634 | val_loss=0.000610 | lr=1.00e-03
11:49:21 | Epoch  10 | train_loss=0.000608 | val_loss=0.000594 | lr=1.00e-03
11:49:47 | Epoch  11 | train_loss=0.000582 | val_loss=0.000571 | lr=1.00e-03
11:50:12 | Epoch  12 | train_loss=0.000573 | val_loss=0.000610 | lr=1.00e-03
11:50:39 | Epoch  13 | train_loss=0.000574 | val_loss=0.000517 | lr=1.00e-03
11:51:05 | Epoch  14 | train_loss=0.000519 | val_loss=0.000524 | lr=1.00e-03
11:51:30 | Epoch  15 | train_loss=0.000538 | val_loss=0.000475 | lr=1.00e-03
11:51:56 | Epoch  16 | train_loss=0.000515 | val_loss=0.000491 | lr=1.00e-03
11:52:22 | Epoch  17 | train_loss=0.000513 | val_loss=0.000500 | lr=1.00e-03
11:52:48 | Epoch  18 | train_loss=0.000491 | val_loss=0.000528 | lr=1.00e-03
11:53:14 | Epoch  19 | train_loss=0.000474 | val_loss=0.000473 | lr=1.00e-03
11:53:40 | Epoch  20 | train_loss=0.000481 | val_loss=0.000430 | lr=5.00e-04
11:54:06 | Epoch  21 | train_loss=0.000489 | val_loss=0.000464 | lr=5.00e-04
11:54:32 | Epoch  22 | train_loss=0.000485 | val_loss=0.000458 | lr=5.00e-04
11:54:57 | Epoch  23 | train_loss=0.000484 | val_loss=0.000486 | lr=5.00e-04
11:55:24 | Epoch  24 | train_loss=0.000472 | val_loss=0.000455 | lr=5.00e-04
11:55:50 | Epoch  25 | train_loss=0.000480 | val_loss=0.000428 | lr=5.00e-04
11:56:15 | Epoch  26 | train_loss=0.000459 | val_loss=0.000473 | lr=5.00e-04
11:56:41 | Epoch  27 | train_loss=0.000466 | val_loss=0.000432 | lr=5.00e-04
11:57:07 | Epoch  28 | train_loss=0.000451 | val_loss=0.000491 | lr=5.00e-04
11:57:32 | Epoch  29 | train_loss=0.000450 | val_loss=0.000455 | lr=5.00e-04
11:57:59 | Epoch  30 | train_loss=0.000462 | val_loss=0.000419 | lr=5.00e-04
11:58:24 | Epoch  31 | train_loss=0.000450 | val_loss=0.000488 | lr=5.00e-04
11:58:50 | Epoch  32 | train_loss=0.000443 | val_loss=0.000414 | lr=5.00e-04
11:59:15 | Epoch  33 | train_loss=0.000471 | val_loss=0.000416 | lr=5.00e-04
11:59:41 | Epoch  34 | train_loss=0.000449 | val_loss=0.000452 | lr=5.00e-04
12:00:07 | Epoch  35 | train_loss=0.000456 | val_loss=0.000466 | lr=5.00e-04
12:00:33 | Epoch  36 | train_loss=0.000458 | val_loss=0.000471 | lr=5.00e-04
12:00:59 | Epoch  37 | train_loss=0.000455 | val_loss=0.000459 | lr=5.00e-04
12:01:24 | Epoch  38 | train_loss=0.000479 | val_loss=0.000436 | lr=5.00e-04
12:01:50 | Epoch  39 | train_loss=0.000457 | val_loss=0.000397 | lr=5.00e-04
12:02:16 | Epoch  40 | train_loss=0.000435 | val_loss=0.000455 | lr=2.50e-04
12:02:42 | Epoch  41 | train_loss=0.000432 | val_loss=0.000452 | lr=2.50e-04
12:03:07 | Epoch  42 | train_loss=0.000430 | val_loss=0.000440 | lr=2.50e-04
12:03:33 | Epoch  43 | train_loss=0.000457 | val_loss=0.000425 | lr=2.50e-04
12:03:59 | Epoch  44 | train_loss=0.000446 | val_loss=0.000402 | lr=2.50e-04
12:04:25 | Epoch  45 | train_loss=0.000438 | val_loss=0.000491 | lr=2.50e-04
12:04:51 | Epoch  46 | train_loss=0.000435 | val_loss=0.000454 | lr=2.50e-04
12:05:18 | Epoch  47 | train_loss=0.000425 | val_loss=0.000410 | lr=2.50e-04
12:05:43 | Epoch  48 | train_loss=0.000467 | val_loss=0.000417 | lr=2.50e-04
12:06:09 | Epoch  49 | train_loss=0.000434 | val_loss=0.000412 | lr=2.50e-04
12:06:34 | Epoch  50 | train_loss=0.000434 | val_loss=0.000416 | lr=2.50e-04
12:06:34 | 
Training completed in 1292.8s (21.5 min)
12:06:34 | Best val_loss: 0.000397 at epoch 39
