09:15:20 | Logging to checkpoints/logs/ours_20260529_091520.log
09:15:20 | 
============================================================
09:15:20 | Training OURS on cpu
09:15:20 | ============================================================
09:15:20 | Train batches: 20, Val batches: 5
09:15:20 | Model parameters: 596,880
09:15:47 | Epoch   1 | train_loss=0.286181 | val_loss=0.007803 | lr=1.00e-03
09:16:13 | Epoch   2 | train_loss=0.007950 | val_loss=0.002671 | lr=1.00e-03
09:16:39 | Epoch   3 | train_loss=0.002032 | val_loss=0.001389 | lr=1.00e-03
09:17:05 | Epoch   4 | train_loss=0.001233 | val_loss=0.001107 | lr=1.00e-03
09:17:32 | Epoch   5 | train_loss=0.001055 | val_loss=0.000919 | lr=1.00e-03
09:17:57 | Epoch   6 | train_loss=0.000924 | val_loss=0.000869 | lr=1.00e-03
09:18:24 | Epoch   7 | train_loss=0.000845 | val_loss=0.000740 | lr=1.00e-03
09:18:51 | Epoch   8 | train_loss=0.000767 | val_loss=0.000735 | lr=1.00e-03
09:19:17 | Epoch   9 | train_loss=0.000760 | val_loss=0.000761 | lr=1.00e-03
09:19:43 | Epoch  10 | train_loss=0.000721 | val_loss=0.000667 | lr=1.00e-03
09:20:09 | Epoch  11 | train_loss=0.000670 | val_loss=0.000689 | lr=1.00e-03
09:20:34 | Epoch  12 | train_loss=0.000657 | val_loss=0.000647 | lr=1.00e-03
09:21:01 | Epoch  13 | train_loss=0.000644 | val_loss=0.000582 | lr=1.00e-03
09:21:27 | Epoch  14 | train_loss=0.000609 | val_loss=0.000590 | lr=1.00e-03
09:21:53 | Epoch  15 | train_loss=0.000609 | val_loss=0.000553 | lr=1.00e-03
09:22:18 | Epoch  16 | train_loss=0.000578 | val_loss=0.000559 | lr=1.00e-03
09:22:45 | Epoch  17 | train_loss=0.000596 | val_loss=0.000547 | lr=1.00e-03
09:23:12 | Epoch  18 | train_loss=0.000578 | val_loss=0.000510 | lr=1.00e-03
09:23:37 | Epoch  19 | train_loss=0.000537 | val_loss=0.000589 | lr=1.00e-03
09:24:03 | Epoch  20 | train_loss=0.000561 | val_loss=0.000485 | lr=5.00e-04
09:24:29 | Epoch  21 | train_loss=0.000537 | val_loss=0.000505 | lr=5.00e-04
09:24:56 | Epoch  22 | train_loss=0.000491 | val_loss=0.000502 | lr=5.00e-04
09:25:22 | Epoch  23 | train_loss=0.000537 | val_loss=0.000462 | lr=5.00e-04
09:25:49 | Epoch  24 | train_loss=0.000522 | val_loss=0.000499 | lr=5.00e-04
09:26:15 | Epoch  25 | train_loss=0.000493 | val_loss=0.000456 | lr=5.00e-04
09:26:41 | Epoch  26 | train_loss=0.000506 | val_loss=0.000535 | lr=5.00e-04
09:27:07 | Epoch  27 | train_loss=0.000492 | val_loss=0.000470 | lr=5.00e-04
09:27:33 | Epoch  28 | train_loss=0.000500 | val_loss=0.000455 | lr=5.00e-04
09:27:59 | Epoch  29 | train_loss=0.000520 | val_loss=0.000520 | lr=5.00e-04
09:28:25 | Epoch  30 | train_loss=0.000499 | val_loss=0.000464 | lr=5.00e-04
09:28:51 | Epoch  31 | train_loss=0.000477 | val_loss=0.000479 | lr=5.00e-04
09:29:17 | Epoch  32 | train_loss=0.000490 | val_loss=0.000485 | lr=5.00e-04
09:29:43 | Epoch  33 | train_loss=0.000498 | val_loss=0.000463 | lr=5.00e-04
09:30:09 | Epoch  34 | train_loss=0.000465 | val_loss=0.000482 | lr=5.00e-04
09:30:36 | Epoch  35 | train_loss=0.000477 | val_loss=0.000508 | lr=5.00e-04
09:31:02 | Epoch  36 | train_loss=0.000435 | val_loss=0.000433 | lr=5.00e-04
09:31:27 | Epoch  37 | train_loss=0.000483 | val_loss=0.000444 | lr=5.00e-04
09:31:53 | Epoch  38 | train_loss=0.000479 | val_loss=0.000453 | lr=5.00e-04
09:32:19 | Epoch  39 | train_loss=0.000459 | val_loss=0.000393 | lr=5.00e-04
09:32:45 | Epoch  40 | train_loss=0.000473 | val_loss=0.000445 | lr=2.50e-04
09:33:11 | Epoch  41 | train_loss=0.000451 | val_loss=0.000441 | lr=2.50e-04
09:33:37 | Epoch  42 | train_loss=0.000474 | val_loss=0.000476 | lr=2.50e-04
09:34:03 | Epoch  43 | train_loss=0.000446 | val_loss=0.000416 | lr=2.50e-04
09:34:29 | Epoch  44 | train_loss=0.000441 | val_loss=0.000474 | lr=2.50e-04
09:34:55 | Epoch  45 | train_loss=0.000449 | val_loss=0.000422 | lr=2.50e-04
09:35:22 | Epoch  46 | train_loss=0.000480 | val_loss=0.000494 | lr=2.50e-04
09:35:48 | Epoch  47 | train_loss=0.000453 | val_loss=0.000464 | lr=2.50e-04
09:36:14 | Epoch  48 | train_loss=0.000432 | val_loss=0.000431 | lr=2.50e-04
09:36:40 | Epoch  49 | train_loss=0.000460 | val_loss=0.000498 | lr=2.50e-04
09:37:06 | Epoch  50 | train_loss=0.000443 | val_loss=0.000453 | lr=2.50e-04
09:37:06 | 
Training completed in 1305.4s (21.8 min)
09:37:06 | Best val_loss: 0.000393 at epoch 39
