11:09:18 | Logging to checkpoints/logs/ours_20260529_110918.log
11:09:18 | 
============================================================
11:09:18 | Training OURS on cpu
11:09:18 | ============================================================
11:09:18 | Train batches: 20, Val batches: 5
11:09:18 | Model parameters: 592,000
11:09:38 | Epoch   1 | train_loss=3.470062 | val_loss=0.147449 | lr=1.00e-03
11:10:00 | Epoch   2 | train_loss=0.057360 | val_loss=0.025627 | lr=1.00e-03
11:10:20 | Epoch   3 | train_loss=0.008758 | val_loss=0.005421 | lr=1.00e-03
11:10:41 | Epoch   4 | train_loss=0.004077 | val_loss=0.003173 | lr=1.00e-03
11:11:01 | Epoch   5 | train_loss=0.002933 | val_loss=0.002461 | lr=1.00e-03
11:11:22 | Epoch   6 | train_loss=0.002447 | val_loss=0.002086 | lr=1.00e-03
11:11:43 | Epoch   7 | train_loss=0.002202 | val_loss=0.001903 | lr=1.00e-03
11:12:04 | Epoch   8 | train_loss=0.001915 | val_loss=0.001772 | lr=1.00e-03
11:12:24 | Epoch   9 | train_loss=0.001880 | val_loss=0.001746 | lr=1.00e-03
11:12:45 | Epoch  10 | train_loss=0.001754 | val_loss=0.001611 | lr=1.00e-03
11:13:05 | Epoch  11 | train_loss=0.001590 | val_loss=0.001377 | lr=1.00e-03
11:13:25 | Epoch  12 | train_loss=0.001471 | val_loss=0.001356 | lr=1.00e-03
11:13:47 | Epoch  13 | train_loss=0.001322 | val_loss=0.001201 | lr=1.00e-03
11:14:07 | Epoch  14 | train_loss=0.001384 | val_loss=0.001173 | lr=1.00e-03
11:14:28 | Epoch  15 | train_loss=0.001284 | val_loss=0.001241 | lr=1.00e-03
11:14:49 | Epoch  16 | train_loss=0.001308 | val_loss=0.001157 | lr=1.00e-03
11:15:09 | Epoch  17 | train_loss=0.001236 | val_loss=0.001058 | lr=1.00e-03
11:15:30 | Epoch  18 | train_loss=0.001171 | val_loss=0.001021 | lr=1.00e-03
11:15:51 | Epoch  19 | train_loss=0.001166 | val_loss=0.001030 | lr=1.00e-03
11:16:11 | Epoch  20 | train_loss=0.001217 | val_loss=0.001144 | lr=5.00e-04
11:16:32 | Epoch  21 | train_loss=0.001073 | val_loss=0.000945 | lr=5.00e-04
11:16:53 | Epoch  22 | train_loss=0.001063 | val_loss=0.000925 | lr=5.00e-04
11:17:13 | Epoch  23 | train_loss=0.001101 | val_loss=0.000992 | lr=5.00e-04
11:17:33 | Epoch  24 | train_loss=0.001051 | val_loss=0.001056 | lr=5.00e-04
11:17:54 | Epoch  25 | train_loss=0.001159 | val_loss=0.001229 | lr=5.00e-04
11:18:15 | Epoch  26 | train_loss=0.001070 | val_loss=0.000886 | lr=5.00e-04
11:18:35 | Epoch  27 | train_loss=0.001043 | val_loss=0.000882 | lr=5.00e-04
11:18:56 | Epoch  28 | train_loss=0.001016 | val_loss=0.000977 | lr=5.00e-04
11:19:16 | Epoch  29 | train_loss=0.001037 | val_loss=0.000854 | lr=5.00e-04
11:19:37 | Epoch  30 | train_loss=0.000987 | val_loss=0.000974 | lr=5.00e-04
11:19:58 | Epoch  31 | train_loss=0.000966 | val_loss=0.000852 | lr=5.00e-04
11:20:18 | Epoch  32 | train_loss=0.000929 | val_loss=0.000823 | lr=5.00e-04
11:20:38 | Epoch  33 | train_loss=0.000994 | val_loss=0.000809 | lr=5.00e-04
11:20:59 | Epoch  34 | train_loss=0.000981 | val_loss=0.000817 | lr=5.00e-04
11:21:19 | Epoch  35 | train_loss=0.000941 | val_loss=0.000827 | lr=5.00e-04
11:21:41 | Epoch  36 | train_loss=0.000877 | val_loss=0.000820 | lr=5.00e-04
11:22:01 | Epoch  37 | train_loss=0.000898 | val_loss=0.000816 | lr=5.00e-04
11:22:21 | Epoch  38 | train_loss=0.000983 | val_loss=0.000823 | lr=5.00e-04
11:22:42 | Epoch  39 | train_loss=0.001018 | val_loss=0.000788 | lr=5.00e-04
11:23:03 | Epoch  40 | train_loss=0.000951 | val_loss=0.000819 | lr=2.50e-04
11:23:23 | Epoch  41 | train_loss=0.000839 | val_loss=0.000831 | lr=2.50e-04
11:23:44 | Epoch  42 | train_loss=0.000854 | val_loss=0.000754 | lr=2.50e-04
11:24:05 | Epoch  43 | train_loss=0.000860 | val_loss=0.000767 | lr=2.50e-04
11:24:25 | Epoch  44 | train_loss=0.000870 | val_loss=0.000804 | lr=2.50e-04
11:24:46 | Epoch  45 | train_loss=0.000886 | val_loss=0.000798 | lr=2.50e-04
11:25:06 | Epoch  46 | train_loss=0.000889 | val_loss=0.000786 | lr=2.50e-04
11:25:26 | Epoch  47 | train_loss=0.000922 | val_loss=0.000807 | lr=2.50e-04
11:25:47 | Epoch  48 | train_loss=0.000954 | val_loss=0.000799 | lr=2.50e-04
11:26:07 | Epoch  49 | train_loss=0.000869 | val_loss=0.000771 | lr=2.50e-04
11:26:27 | Epoch  50 | train_loss=0.000889 | val_loss=0.000786 | lr=2.50e-04
11:26:27 | 
Training completed in 1029.4s (17.2 min)
11:26:27 | Best val_loss: 0.000754 at epoch 42
