14:30:11 | Logging to checkpoints/logs/ours_20260529_143011.log
14:30:11 | 
============================================================
14:30:11 | Training OURS on cuda
14:30:11 | ============================================================
14:30:11 | Train batches: 20, Val batches: 5
14:30:11 | Model parameters: 592,000
14:30:12 | Epoch   1 | train_loss=1.346664 | val_loss=0.020485 | lr=1.00e-03
14:30:13 | Epoch   2 | train_loss=0.023018 | val_loss=0.008470 | lr=1.00e-03
14:30:14 | Epoch   3 | train_loss=0.004431 | val_loss=0.002509 | lr=1.00e-03
14:30:15 | Epoch   4 | train_loss=0.002302 | val_loss=0.001954 | lr=1.00e-03
14:30:15 | Epoch   5 | train_loss=0.001791 | val_loss=0.001691 | lr=1.00e-03
14:30:16 | Epoch   6 | train_loss=0.001600 | val_loss=0.001465 | lr=1.00e-03
14:30:17 | Epoch   7 | train_loss=0.001561 | val_loss=0.001404 | lr=1.00e-03
14:30:18 | Epoch   8 | train_loss=0.001335 | val_loss=0.001249 | lr=1.00e-03
14:30:19 | Epoch   9 | train_loss=0.001314 | val_loss=0.001147 | lr=1.00e-03
14:30:20 | Epoch  10 | train_loss=0.001210 | val_loss=0.001144 | lr=1.00e-03
14:30:21 | Epoch  11 | train_loss=0.001166 | val_loss=0.001019 | lr=1.00e-03
14:30:22 | Epoch  12 | train_loss=0.001155 | val_loss=0.001022 | lr=1.00e-03
14:30:23 | Epoch  13 | train_loss=0.001029 | val_loss=0.001003 | lr=1.00e-03
14:30:24 | Epoch  14 | train_loss=0.000937 | val_loss=0.000894 | lr=1.00e-03
14:30:24 | Epoch  15 | train_loss=0.000994 | val_loss=0.000842 | lr=1.00e-03
14:30:25 | Epoch  16 | train_loss=0.000948 | val_loss=0.000887 | lr=1.00e-03
14:30:26 | Epoch  17 | train_loss=0.000945 | val_loss=0.000847 | lr=1.00e-03
14:30:26 | Epoch  18 | train_loss=0.000912 | val_loss=0.000955 | lr=1.00e-03
14:30:27 | Epoch  19 | train_loss=0.000900 | val_loss=0.000982 | lr=1.00e-03
14:30:28 | Epoch  20 | train_loss=0.000878 | val_loss=0.000842 | lr=5.00e-04
14:30:29 | Epoch  21 | train_loss=0.000854 | val_loss=0.000789 | lr=5.00e-04
14:30:30 | Epoch  22 | train_loss=0.000832 | val_loss=0.000692 | lr=5.00e-04
14:30:30 | Epoch  23 | train_loss=0.000793 | val_loss=0.000711 | lr=5.00e-04
14:30:31 | Epoch  24 | train_loss=0.000787 | val_loss=0.000681 | lr=5.00e-04
14:30:32 | Epoch  25 | train_loss=0.000836 | val_loss=0.000734 | lr=5.00e-04
14:30:33 | Epoch  26 | train_loss=0.000764 | val_loss=0.000699 | lr=5.00e-04
14:30:34 | Epoch  27 | train_loss=0.000745 | val_loss=0.000686 | lr=5.00e-04
14:30:35 | Epoch  28 | train_loss=0.000722 | val_loss=0.000715 | lr=5.00e-04
14:30:36 | Epoch  29 | train_loss=0.000689 | val_loss=0.000684 | lr=5.00e-04
14:30:37 | Epoch  30 | train_loss=0.000720 | val_loss=0.000717 | lr=5.00e-04
14:30:37 | Epoch  31 | train_loss=0.000744 | val_loss=0.000682 | lr=5.00e-04
14:30:38 | Epoch  32 | train_loss=0.000735 | val_loss=0.000682 | lr=5.00e-04
14:30:39 | Epoch  33 | train_loss=0.000713 | val_loss=0.000637 | lr=5.00e-04
14:30:40 | Epoch  34 | train_loss=0.000724 | val_loss=0.000629 | lr=5.00e-04
14:30:41 | Epoch  35 | train_loss=0.000699 | val_loss=0.000661 | lr=5.00e-04
14:30:42 | Epoch  36 | train_loss=0.000689 | val_loss=0.000616 | lr=5.00e-04
14:30:43 | Epoch  37 | train_loss=0.000699 | val_loss=0.000613 | lr=5.00e-04
14:30:44 | Epoch  38 | train_loss=0.000651 | val_loss=0.000672 | lr=5.00e-04
14:30:44 | Epoch  39 | train_loss=0.000701 | val_loss=0.000707 | lr=5.00e-04
14:30:45 | Epoch  40 | train_loss=0.000679 | val_loss=0.000624 | lr=2.50e-04
14:30:46 | Epoch  41 | train_loss=0.000658 | val_loss=0.000627 | lr=2.50e-04
14:30:47 | Epoch  42 | train_loss=0.000629 | val_loss=0.000600 | lr=2.50e-04
14:30:48 | Epoch  43 | train_loss=0.000655 | val_loss=0.000589 | lr=2.50e-04
14:30:49 | Epoch  44 | train_loss=0.000655 | val_loss=0.000590 | lr=2.50e-04
14:30:50 | Epoch  45 | train_loss=0.000686 | val_loss=0.000603 | lr=2.50e-04
14:30:51 | Epoch  46 | train_loss=0.000658 | val_loss=0.000653 | lr=2.50e-04
14:30:51 | Epoch  47 | train_loss=0.000631 | val_loss=0.000531 | lr=2.50e-04
14:30:52 | Epoch  48 | train_loss=0.000620 | val_loss=0.000526 | lr=2.50e-04
14:30:53 | Epoch  49 | train_loss=0.000614 | val_loss=0.000618 | lr=2.50e-04
14:30:54 | Epoch  50 | train_loss=0.000607 | val_loss=0.000517 | lr=2.50e-04
14:30:54 | 
Training completed in 43.2s (0.7 min)
14:30:54 | Best val_loss: 0.000517 at epoch 50
