08:09:37 | Logging to checkpoints/logs/ours_20260529_080937.log
08:09:37 | 
============================================================
08:09:37 | Training OURS on cpu
08:09:37 | ============================================================
08:09:37 | Train batches: 20, Val batches: 5
08:09:37 | Model parameters: 621,696
08:10:12 | Epoch   1 | train_loss=0.155576 | val_loss=0.007063 | lr=1.00e-03
08:10:48 | Epoch   2 | train_loss=0.004055 | val_loss=0.002056 | lr=1.00e-03
08:11:25 | Epoch   3 | train_loss=0.001478 | val_loss=0.001044 | lr=1.00e-03
08:12:00 | Epoch   4 | train_loss=0.001030 | val_loss=0.000891 | lr=1.00e-03
08:12:36 | Epoch   5 | train_loss=0.000839 | val_loss=0.000796 | lr=1.00e-03
08:13:12 | Epoch   6 | train_loss=0.000736 | val_loss=0.000727 | lr=1.00e-03
08:13:48 | Epoch   7 | train_loss=0.000676 | val_loss=0.000635 | lr=1.00e-03
08:14:24 | Epoch   8 | train_loss=0.000677 | val_loss=0.000629 | lr=1.00e-03
08:15:00 | Epoch   9 | train_loss=0.000598 | val_loss=0.000627 | lr=1.00e-03
08:15:36 | Epoch  10 | train_loss=0.000540 | val_loss=0.000554 | lr=1.00e-03
08:16:12 | Epoch  11 | train_loss=0.000565 | val_loss=0.000568 | lr=1.00e-03
08:16:47 | Epoch  12 | train_loss=0.000543 | val_loss=0.000536 | lr=1.00e-03
08:17:23 | Epoch  13 | train_loss=0.000486 | val_loss=0.000498 | lr=1.00e-03
08:17:59 | Epoch  14 | train_loss=0.000491 | val_loss=0.000448 | lr=1.00e-03
08:18:35 | Epoch  15 | train_loss=0.000490 | val_loss=0.000460 | lr=1.00e-03
08:19:11 | Epoch  16 | train_loss=0.000464 | val_loss=0.000515 | lr=1.00e-03
08:19:48 | Epoch  17 | train_loss=0.000486 | val_loss=0.000493 | lr=1.00e-03
08:20:23 | Epoch  18 | train_loss=0.000492 | val_loss=0.000438 | lr=1.00e-03
08:21:00 | Epoch  19 | train_loss=0.000465 | val_loss=0.000476 | lr=1.00e-03
08:21:34 | Epoch  20 | train_loss=0.000464 | val_loss=0.000451 | lr=5.00e-04
08:22:10 | Epoch  21 | train_loss=0.000472 | val_loss=0.000463 | lr=5.00e-04
08:22:46 | Epoch  22 | train_loss=0.000468 | val_loss=0.000424 | lr=5.00e-04
08:23:23 | Epoch  23 | train_loss=0.000449 | val_loss=0.000473 | lr=5.00e-04
08:23:59 | Epoch  24 | train_loss=0.000455 | val_loss=0.000418 | lr=5.00e-04
08:24:35 | Epoch  25 | train_loss=0.000426 | val_loss=0.000460 | lr=5.00e-04
08:25:10 | Epoch  26 | train_loss=0.000462 | val_loss=0.000424 | lr=5.00e-04
08:25:46 | Epoch  27 | train_loss=0.000466 | val_loss=0.000457 | lr=5.00e-04
08:26:22 | Epoch  28 | train_loss=0.000427 | val_loss=0.000464 | lr=5.00e-04
08:26:57 | Epoch  29 | train_loss=0.000442 | val_loss=0.000474 | lr=5.00e-04
08:27:33 | Epoch  30 | train_loss=0.000435 | val_loss=0.000438 | lr=5.00e-04
08:28:08 | Epoch  31 | train_loss=0.000424 | val_loss=0.000406 | lr=5.00e-04
08:28:45 | Epoch  32 | train_loss=0.000455 | val_loss=0.000461 | lr=5.00e-04
08:29:21 | Epoch  33 | train_loss=0.000423 | val_loss=0.000419 | lr=5.00e-04
08:29:56 | Epoch  34 | train_loss=0.000438 | val_loss=0.000388 | lr=5.00e-04
08:30:32 | Epoch  35 | train_loss=0.000431 | val_loss=0.000466 | lr=5.00e-04
08:31:08 | Epoch  36 | train_loss=0.000431 | val_loss=0.000396 | lr=5.00e-04
08:31:43 | Epoch  37 | train_loss=0.000441 | val_loss=0.000444 | lr=5.00e-04
08:32:18 | Epoch  38 | train_loss=0.000408 | val_loss=0.000410 | lr=5.00e-04
08:32:54 | Epoch  39 | train_loss=0.000424 | val_loss=0.000441 | lr=5.00e-04
08:33:30 | Epoch  40 | train_loss=0.000443 | val_loss=0.000435 | lr=2.50e-04
08:34:06 | Epoch  41 | train_loss=0.000429 | val_loss=0.000438 | lr=2.50e-04
08:34:42 | Epoch  42 | train_loss=0.000401 | val_loss=0.000400 | lr=2.50e-04
08:35:18 | Epoch  43 | train_loss=0.000433 | val_loss=0.000423 | lr=2.50e-04
08:35:53 | Epoch  44 | train_loss=0.000417 | val_loss=0.000432 | lr=2.50e-04
08:36:29 | Epoch  45 | train_loss=0.000398 | val_loss=0.000409 | lr=2.50e-04
08:37:05 | Epoch  46 | train_loss=0.000439 | val_loss=0.000456 | lr=2.50e-04
08:37:41 | Epoch  47 | train_loss=0.000396 | val_loss=0.000457 | lr=2.50e-04
08:38:16 | Epoch  48 | train_loss=0.000415 | val_loss=0.000384 | lr=2.50e-04
08:38:52 | Epoch  49 | train_loss=0.000432 | val_loss=0.000402 | lr=2.50e-04
08:39:27 | Epoch  50 | train_loss=0.000432 | val_loss=0.000439 | lr=2.50e-04
08:39:27 | 
Training completed in 1790.3s (29.8 min)
08:39:27 | Best val_loss: 0.000384 at epoch 48
