14:30:54 | Logging to checkpoints/logs/ours_20260529_143054.log
14:30:54 | 
============================================================
14:30:54 | Training OURS on cuda
14:30:54 | ============================================================
14:30:54 | Train batches: 20, Val batches: 5
14:30:54 | Model parameters: 596,096
14:30:55 | Epoch   1 | train_loss=0.898616 | val_loss=0.019447 | lr=1.00e-03
14:30:56 | Epoch   2 | train_loss=0.012802 | val_loss=0.007186 | lr=1.00e-03
14:30:57 | Epoch   3 | train_loss=0.002864 | val_loss=0.001991 | lr=1.00e-03
14:30:58 | Epoch   4 | train_loss=0.001737 | val_loss=0.001716 | lr=1.00e-03
14:30:58 | Epoch   5 | train_loss=0.001374 | val_loss=0.001303 | lr=1.00e-03
14:30:59 | Epoch   6 | train_loss=0.001240 | val_loss=0.001092 | lr=1.00e-03
14:31:00 | Epoch   7 | train_loss=0.001202 | val_loss=0.001110 | lr=1.00e-03
14:31:01 | Epoch   8 | train_loss=0.001048 | val_loss=0.000990 | lr=1.00e-03
14:31:02 | Epoch   9 | train_loss=0.001018 | val_loss=0.000935 | lr=1.00e-03
14:31:03 | Epoch  10 | train_loss=0.001001 | val_loss=0.000913 | lr=1.00e-03
14:31:04 | Epoch  11 | train_loss=0.000933 | val_loss=0.000834 | lr=1.00e-03
14:31:05 | Epoch  12 | train_loss=0.000867 | val_loss=0.000938 | lr=1.00e-03
14:31:06 | Epoch  13 | train_loss=0.000894 | val_loss=0.000783 | lr=1.00e-03
14:31:07 | Epoch  14 | train_loss=0.000856 | val_loss=0.000918 | lr=1.00e-03
14:31:08 | Epoch  15 | train_loss=0.000901 | val_loss=0.000963 | lr=1.00e-03
14:31:09 | Epoch  16 | train_loss=0.000809 | val_loss=0.000717 | lr=1.00e-03
14:31:10 | Epoch  17 | train_loss=0.000802 | val_loss=0.000690 | lr=1.00e-03
14:31:11 | Epoch  18 | train_loss=0.000758 | val_loss=0.000640 | lr=1.00e-03
14:31:12 | Epoch  19 | train_loss=0.000748 | val_loss=0.000841 | lr=1.00e-03
14:31:13 | Epoch  20 | train_loss=0.000774 | val_loss=0.000693 | lr=5.00e-04
14:31:14 | Epoch  21 | train_loss=0.000696 | val_loss=0.000654 | lr=5.00e-04
14:31:15 | Epoch  22 | train_loss=0.000660 | val_loss=0.000632 | lr=5.00e-04
14:31:16 | Epoch  23 | train_loss=0.000634 | val_loss=0.000634 | lr=5.00e-04
14:31:17 | Epoch  24 | train_loss=0.000665 | val_loss=0.000600 | lr=5.00e-04
14:31:18 | Epoch  25 | train_loss=0.000631 | val_loss=0.000597 | lr=5.00e-04
14:31:20 | Epoch  26 | train_loss=0.000638 | val_loss=0.000612 | lr=5.00e-04
14:31:21 | Epoch  27 | train_loss=0.000625 | val_loss=0.000581 | lr=5.00e-04
14:31:22 | Epoch  28 | train_loss=0.000671 | val_loss=0.000632 | lr=5.00e-04
14:31:23 | Epoch  29 | train_loss=0.000681 | val_loss=0.000659 | lr=5.00e-04
14:31:24 | Epoch  30 | train_loss=0.000645 | val_loss=0.000647 | lr=5.00e-04
14:31:25 | Epoch  31 | train_loss=0.000631 | val_loss=0.000672 | lr=5.00e-04
14:31:26 | Epoch  32 | train_loss=0.000636 | val_loss=0.000588 | lr=5.00e-04
14:31:27 | Epoch  33 | train_loss=0.000649 | val_loss=0.000657 | lr=5.00e-04
14:31:28 | Epoch  34 | train_loss=0.000634 | val_loss=0.000608 | lr=5.00e-04
14:31:29 | Epoch  35 | train_loss=0.000596 | val_loss=0.000515 | lr=5.00e-04
14:31:29 | Epoch  36 | train_loss=0.000614 | val_loss=0.000559 | lr=5.00e-04
14:31:30 | Epoch  37 | train_loss=0.000603 | val_loss=0.000637 | lr=5.00e-04
14:31:31 | Epoch  38 | train_loss=0.000574 | val_loss=0.000582 | lr=5.00e-04
14:31:32 | Epoch  39 | train_loss=0.000604 | val_loss=0.000547 | lr=5.00e-04
14:31:33 | Epoch  40 | train_loss=0.000593 | val_loss=0.000579 | lr=2.50e-04
14:31:34 | Epoch  41 | train_loss=0.000600 | val_loss=0.000479 | lr=2.50e-04
14:31:35 | Epoch  42 | train_loss=0.000584 | val_loss=0.000489 | lr=2.50e-04
14:31:36 | Epoch  43 | train_loss=0.000589 | val_loss=0.000501 | lr=2.50e-04
14:31:37 | Epoch  44 | train_loss=0.000561 | val_loss=0.000520 | lr=2.50e-04
14:31:38 | Epoch  45 | train_loss=0.000581 | val_loss=0.000524 | lr=2.50e-04
14:31:39 | Epoch  46 | train_loss=0.000554 | val_loss=0.000588 | lr=2.50e-04
14:31:40 | Epoch  47 | train_loss=0.000568 | val_loss=0.000564 | lr=2.50e-04
14:31:41 | Epoch  48 | train_loss=0.000562 | val_loss=0.000571 | lr=2.50e-04
14:31:42 | Epoch  49 | train_loss=0.000577 | val_loss=0.000507 | lr=2.50e-04
14:31:44 | Epoch  50 | train_loss=0.000578 | val_loss=0.000535 | lr=2.50e-04
14:31:44 | 
Training completed in 49.4s (0.8 min)
14:31:44 | Best val_loss: 0.000479 at epoch 41
