00:44:41 | Logging to checkpoints/logs/ours_20260529_004441.log
00:44:41 | 
============================================================
00:44:41 | Training OURS on cpu
00:44:41 | ============================================================
00:44:41 | Train batches: 20, Val batches: 5
00:44:41 | Model parameters: 621,696
00:45:23 | Epoch   1 | train_loss=0.127184 | val_loss=0.006556 | lr=1.00e-03
00:46:04 | Epoch   2 | train_loss=0.003569 | val_loss=0.002509 | lr=1.00e-03
00:46:41 | Epoch   3 | train_loss=0.001379 | val_loss=0.001109 | lr=1.00e-03
00:47:20 | Epoch   4 | train_loss=0.000996 | val_loss=0.000823 | lr=1.00e-03
00:48:00 | Epoch   5 | train_loss=0.000830 | val_loss=0.000781 | lr=1.00e-03
00:48:37 | Epoch   6 | train_loss=0.000789 | val_loss=0.000811 | lr=1.00e-03
00:49:15 | Epoch   7 | train_loss=0.000746 | val_loss=0.000679 | lr=1.00e-03
00:49:53 | Epoch   8 | train_loss=0.000728 | val_loss=0.000631 | lr=1.00e-03
00:50:31 | Epoch   9 | train_loss=0.000666 | val_loss=0.000621 | lr=1.00e-03
00:51:08 | Epoch  10 | train_loss=0.000644 | val_loss=0.000602 | lr=1.00e-03
00:51:46 | Epoch  11 | train_loss=0.000619 | val_loss=0.000665 | lr=1.00e-03
00:52:24 | Epoch  12 | train_loss=0.000613 | val_loss=0.000567 | lr=1.00e-03
00:53:03 | Epoch  13 | train_loss=0.000577 | val_loss=0.000598 | lr=1.00e-03
00:53:41 | Epoch  14 | train_loss=0.000596 | val_loss=0.000567 | lr=1.00e-03
00:54:19 | Epoch  15 | train_loss=0.000544 | val_loss=0.000531 | lr=1.00e-03
00:54:57 | Epoch  16 | train_loss=0.000531 | val_loss=0.000616 | lr=1.00e-03
00:55:35 | Epoch  17 | train_loss=0.000546 | val_loss=0.000439 | lr=1.00e-03
00:56:12 | Epoch  18 | train_loss=0.000542 | val_loss=0.000503 | lr=1.00e-03
00:56:50 | Epoch  19 | train_loss=0.000538 | val_loss=0.000520 | lr=1.00e-03
00:57:28 | Epoch  20 | train_loss=0.000517 | val_loss=0.000460 | lr=5.00e-04
00:58:06 | Epoch  21 | train_loss=0.000519 | val_loss=0.000442 | lr=5.00e-04
00:58:44 | Epoch  22 | train_loss=0.000507 | val_loss=0.000483 | lr=5.00e-04
00:59:22 | Epoch  23 | train_loss=0.000518 | val_loss=0.000464 | lr=5.00e-04
01:00:00 | Epoch  24 | train_loss=0.000514 | val_loss=0.000476 | lr=5.00e-04
01:00:38 | Epoch  25 | train_loss=0.000473 | val_loss=0.000492 | lr=5.00e-04
01:01:16 | Epoch  26 | train_loss=0.000516 | val_loss=0.000491 | lr=5.00e-04
01:01:54 | Epoch  27 | train_loss=0.000495 | val_loss=0.000478 | lr=5.00e-04
01:02:31 | Epoch  28 | train_loss=0.000495 | val_loss=0.000455 | lr=5.00e-04
01:03:09 | Epoch  29 | train_loss=0.000482 | val_loss=0.000478 | lr=5.00e-04
01:03:47 | Epoch  30 | train_loss=0.000446 | val_loss=0.000434 | lr=5.00e-04
01:04:25 | Epoch  31 | train_loss=0.000440 | val_loss=0.000408 | lr=5.00e-04
01:05:03 | Epoch  32 | train_loss=0.000443 | val_loss=0.000439 | lr=5.00e-04
01:05:40 | Epoch  33 | train_loss=0.000463 | val_loss=0.000446 | lr=5.00e-04
01:06:18 | Epoch  34 | train_loss=0.000461 | val_loss=0.000438 | lr=5.00e-04
01:06:56 | Epoch  35 | train_loss=0.000466 | val_loss=0.000464 | lr=5.00e-04
01:07:33 | Epoch  36 | train_loss=0.000480 | val_loss=0.000454 | lr=5.00e-04
01:08:11 | Epoch  37 | train_loss=0.000463 | val_loss=0.000391 | lr=5.00e-04
01:08:49 | Epoch  38 | train_loss=0.000482 | val_loss=0.000451 | lr=5.00e-04
01:09:27 | Epoch  39 | train_loss=0.000438 | val_loss=0.000476 | lr=5.00e-04
01:10:04 | Epoch  40 | train_loss=0.000464 | val_loss=0.000488 | lr=2.50e-04
01:10:42 | Epoch  41 | train_loss=0.000451 | val_loss=0.000456 | lr=2.50e-04
01:11:19 | Epoch  42 | train_loss=0.000440 | val_loss=0.000447 | lr=2.50e-04
01:11:57 | Epoch  43 | train_loss=0.000436 | val_loss=0.000462 | lr=2.50e-04
01:12:34 | Epoch  44 | train_loss=0.000451 | val_loss=0.000432 | lr=2.50e-04
01:13:12 | Epoch  45 | train_loss=0.000431 | val_loss=0.000409 | lr=2.50e-04
01:13:49 | Epoch  46 | train_loss=0.000435 | val_loss=0.000474 | lr=2.50e-04
01:14:27 | Epoch  47 | train_loss=0.000449 | val_loss=0.000439 | lr=2.50e-04
01:15:04 | Epoch  48 | train_loss=0.000447 | val_loss=0.000428 | lr=2.50e-04
01:15:42 | Epoch  49 | train_loss=0.000451 | val_loss=0.000477 | lr=2.50e-04
01:16:20 | Epoch  50 | train_loss=0.000444 | val_loss=0.000420 | lr=2.50e-04
01:16:20 | 
Training completed in 1898.1s (31.6 min)
01:16:20 | Best val_loss: 0.000391 at epoch 37
