14:14:58 | Logging to checkpoints/logs/ours_20260529_141458.log
14:14:58 | 
============================================================
14:14:58 | Training OURS on cuda
14:14:58 | ============================================================
14:14:58 | Train batches: 20, Val batches: 5
14:14:59 | Model parameters: 592,000
14:14:59 | Epoch   1 | train_loss=2.156307 | val_loss=0.013077 | lr=1.00e-03
14:15:00 | Epoch   2 | train_loss=0.031955 | val_loss=0.009750 | lr=1.00e-03
14:15:01 | Epoch   3 | train_loss=0.006585 | val_loss=0.004234 | lr=1.00e-03
14:15:02 | Epoch   4 | train_loss=0.003411 | val_loss=0.002704 | lr=1.00e-03
14:15:03 | Epoch   5 | train_loss=0.002508 | val_loss=0.002299 | lr=1.00e-03
14:15:04 | Epoch   6 | train_loss=0.002344 | val_loss=0.002183 | lr=1.00e-03
14:15:05 | Epoch   7 | train_loss=0.002205 | val_loss=0.001952 | lr=1.00e-03
14:15:06 | Epoch   8 | train_loss=0.001925 | val_loss=0.001658 | lr=1.00e-03
14:15:07 | Epoch   9 | train_loss=0.001786 | val_loss=0.001589 | lr=1.00e-03
14:15:08 | Epoch  10 | train_loss=0.001672 | val_loss=0.001541 | lr=1.00e-03
14:15:09 | Epoch  11 | train_loss=0.001613 | val_loss=0.001498 | lr=1.00e-03
14:15:10 | Epoch  12 | train_loss=0.001564 | val_loss=0.001265 | lr=1.00e-03
14:15:11 | Epoch  13 | train_loss=0.001432 | val_loss=0.001272 | lr=1.00e-03
14:15:12 | Epoch  14 | train_loss=0.001327 | val_loss=0.001237 | lr=1.00e-03
14:15:13 | Epoch  15 | train_loss=0.001394 | val_loss=0.001321 | lr=1.00e-03
14:15:14 | Epoch  16 | train_loss=0.001299 | val_loss=0.001200 | lr=1.00e-03
14:15:15 | Epoch  17 | train_loss=0.001222 | val_loss=0.001068 | lr=1.00e-03
14:15:15 | Epoch  18 | train_loss=0.001236 | val_loss=0.001112 | lr=1.00e-03
14:15:15 | Epoch  19 | train_loss=0.001146 | val_loss=0.001127 | lr=1.00e-03
14:15:16 | Epoch  20 | train_loss=0.001159 | val_loss=0.000999 | lr=5.00e-04
14:15:17 | Epoch  21 | train_loss=0.001129 | val_loss=0.001020 | lr=5.00e-04
14:15:18 | Epoch  22 | train_loss=0.001065 | val_loss=0.000966 | lr=5.00e-04
14:15:19 | Epoch  23 | train_loss=0.001076 | val_loss=0.000951 | lr=5.00e-04
14:15:20 | Epoch  24 | train_loss=0.001017 | val_loss=0.001044 | lr=5.00e-04
14:15:21 | Epoch  25 | train_loss=0.001086 | val_loss=0.000934 | lr=5.00e-04
14:15:22 | Epoch  26 | train_loss=0.000996 | val_loss=0.000942 | lr=5.00e-04
14:15:23 | Epoch  27 | train_loss=0.000979 | val_loss=0.000946 | lr=5.00e-04
14:15:24 | Epoch  28 | train_loss=0.001001 | val_loss=0.000936 | lr=5.00e-04
14:15:25 | Epoch  29 | train_loss=0.000992 | val_loss=0.000928 | lr=5.00e-04
14:15:26 | Epoch  30 | train_loss=0.000988 | val_loss=0.000898 | lr=5.00e-04
14:15:27 | Epoch  31 | train_loss=0.000993 | val_loss=0.000850 | lr=5.00e-04
14:15:28 | Epoch  32 | train_loss=0.000977 | val_loss=0.000866 | lr=5.00e-04
14:15:29 | Epoch  33 | train_loss=0.000914 | val_loss=0.000814 | lr=5.00e-04
14:15:30 | Epoch  34 | train_loss=0.000877 | val_loss=0.000868 | lr=5.00e-04
14:15:31 | Epoch  35 | train_loss=0.000906 | val_loss=0.000794 | lr=5.00e-04
14:15:32 | Epoch  36 | train_loss=0.000935 | val_loss=0.000858 | lr=5.00e-04
14:15:33 | Epoch  37 | train_loss=0.000900 | val_loss=0.000855 | lr=5.00e-04
14:15:34 | Epoch  38 | train_loss=0.000914 | val_loss=0.000841 | lr=5.00e-04
14:15:35 | Epoch  39 | train_loss=0.000907 | val_loss=0.000867 | lr=5.00e-04
14:15:36 | Epoch  40 | train_loss=0.000963 | val_loss=0.000854 | lr=2.50e-04
14:15:36 | Epoch  41 | train_loss=0.000851 | val_loss=0.000838 | lr=2.50e-04
14:15:37 | Epoch  42 | train_loss=0.000889 | val_loss=0.000741 | lr=2.50e-04
14:15:38 | Epoch  43 | train_loss=0.000866 | val_loss=0.000770 | lr=2.50e-04
14:15:39 | Epoch  44 | train_loss=0.000815 | val_loss=0.000802 | lr=2.50e-04
14:15:40 | Epoch  45 | train_loss=0.000831 | val_loss=0.000741 | lr=2.50e-04
14:15:41 | Epoch  46 | train_loss=0.000852 | val_loss=0.000780 | lr=2.50e-04
14:15:42 | Epoch  47 | train_loss=0.000831 | val_loss=0.000729 | lr=2.50e-04
14:15:43 | Epoch  48 | train_loss=0.000843 | val_loss=0.000778 | lr=2.50e-04
14:15:44 | Epoch  49 | train_loss=0.000874 | val_loss=0.000753 | lr=2.50e-04
14:15:45 | Epoch  50 | train_loss=0.000840 | val_loss=0.000732 | lr=2.50e-04
14:15:45 | 
Training completed in 46.5s (0.8 min)
14:15:45 | Best val_loss: 0.000729 at epoch 47
