01:16:20 | Logging to checkpoints/logs/ours_20260529_011620.log
01:16:20 | 
============================================================
01:16:20 | Training OURS on cpu
01:16:20 | ============================================================
01:16:20 | Train batches: 20, Val batches: 5
01:16:20 | Model parameters: 592,000
01:16:42 | Epoch   1 | train_loss=4.991644 | val_loss=0.031369 | lr=1.00e-03
01:17:07 | Epoch   2 | train_loss=0.083598 | val_loss=0.013156 | lr=1.00e-03
01:17:31 | Epoch   3 | train_loss=0.012557 | val_loss=0.007127 | lr=1.00e-03
01:17:53 | Epoch   4 | train_loss=0.005672 | val_loss=0.004135 | lr=1.00e-03
01:18:16 | Epoch   5 | train_loss=0.004105 | val_loss=0.003600 | lr=1.00e-03
01:18:38 | Epoch   6 | train_loss=0.003608 | val_loss=0.003160 | lr=1.00e-03
01:19:01 | Epoch   7 | train_loss=0.003300 | val_loss=0.002882 | lr=1.00e-03
01:19:23 | Epoch   8 | train_loss=0.002855 | val_loss=0.002468 | lr=1.00e-03
01:19:46 | Epoch   9 | train_loss=0.002506 | val_loss=0.002348 | lr=1.00e-03
01:20:11 | Epoch  10 | train_loss=0.002356 | val_loss=0.002181 | lr=1.00e-03
01:20:33 | Epoch  11 | train_loss=0.002319 | val_loss=0.001966 | lr=1.00e-03
01:20:56 | Epoch  12 | train_loss=0.002104 | val_loss=0.001915 | lr=1.00e-03
01:21:18 | Epoch  13 | train_loss=0.001986 | val_loss=0.001957 | lr=1.00e-03
01:21:40 | Epoch  14 | train_loss=0.001930 | val_loss=0.001690 | lr=1.00e-03
01:22:03 | Epoch  15 | train_loss=0.001869 | val_loss=0.001628 | lr=1.00e-03
01:22:25 | Epoch  16 | train_loss=0.001720 | val_loss=0.001583 | lr=1.00e-03
01:22:47 | Epoch  17 | train_loss=0.001698 | val_loss=0.001463 | lr=1.00e-03
01:23:09 | Epoch  18 | train_loss=0.001650 | val_loss=0.001624 | lr=1.00e-03
01:23:31 | Epoch  19 | train_loss=0.001520 | val_loss=0.001349 | lr=1.00e-03
01:23:54 | Epoch  20 | train_loss=0.001449 | val_loss=0.001311 | lr=5.00e-04
01:24:16 | Epoch  21 | train_loss=0.001455 | val_loss=0.001341 | lr=5.00e-04
01:24:39 | Epoch  22 | train_loss=0.001429 | val_loss=0.001244 | lr=5.00e-04
01:25:01 | Epoch  23 | train_loss=0.001362 | val_loss=0.001225 | lr=5.00e-04
01:25:23 | Epoch  24 | train_loss=0.001405 | val_loss=0.001332 | lr=5.00e-04
01:25:46 | Epoch  25 | train_loss=0.001389 | val_loss=0.001211 | lr=5.00e-04
01:26:08 | Epoch  26 | train_loss=0.001235 | val_loss=0.001248 | lr=5.00e-04
01:26:30 | Epoch  27 | train_loss=0.001310 | val_loss=0.001146 | lr=5.00e-04
01:26:53 | Epoch  28 | train_loss=0.001261 | val_loss=0.001153 | lr=5.00e-04
01:27:15 | Epoch  29 | train_loss=0.001303 | val_loss=0.001218 | lr=5.00e-04
01:27:37 | Epoch  30 | train_loss=0.001235 | val_loss=0.001138 | lr=5.00e-04
01:27:59 | Epoch  31 | train_loss=0.001227 | val_loss=0.001150 | lr=5.00e-04
01:28:22 | Epoch  32 | train_loss=0.001209 | val_loss=0.001046 | lr=5.00e-04
01:28:44 | Epoch  33 | train_loss=0.001224 | val_loss=0.001177 | lr=5.00e-04
01:29:06 | Epoch  34 | train_loss=0.001176 | val_loss=0.001014 | lr=5.00e-04
01:29:29 | Epoch  35 | train_loss=0.001112 | val_loss=0.001055 | lr=5.00e-04
01:29:51 | Epoch  36 | train_loss=0.001166 | val_loss=0.001039 | lr=5.00e-04
01:30:13 | Epoch  37 | train_loss=0.001135 | val_loss=0.001063 | lr=5.00e-04
01:30:35 | Epoch  38 | train_loss=0.001152 | val_loss=0.001047 | lr=5.00e-04
01:30:58 | Epoch  39 | train_loss=0.001117 | val_loss=0.001030 | lr=5.00e-04
01:31:20 | Epoch  40 | train_loss=0.001058 | val_loss=0.000979 | lr=2.50e-04
01:31:43 | Epoch  41 | train_loss=0.001043 | val_loss=0.000941 | lr=2.50e-04
01:32:05 | Epoch  42 | train_loss=0.001104 | val_loss=0.000934 | lr=2.50e-04
01:32:27 | Epoch  43 | train_loss=0.001064 | val_loss=0.000965 | lr=2.50e-04
01:32:49 | Epoch  44 | train_loss=0.001066 | val_loss=0.001004 | lr=2.50e-04
01:33:11 | Epoch  45 | train_loss=0.001010 | val_loss=0.000926 | lr=2.50e-04
01:33:34 | Epoch  46 | train_loss=0.001027 | val_loss=0.000939 | lr=2.50e-04
01:33:56 | Epoch  47 | train_loss=0.001082 | val_loss=0.000880 | lr=2.50e-04
01:34:18 | Epoch  48 | train_loss=0.001011 | val_loss=0.000927 | lr=2.50e-04
01:34:40 | Epoch  49 | train_loss=0.001020 | val_loss=0.000951 | lr=2.50e-04
01:35:02 | Epoch  50 | train_loss=0.000974 | val_loss=0.000987 | lr=2.50e-04
01:35:02 | 
Training completed in 1122.8s (18.7 min)
01:35:02 | Best val_loss: 0.000880 at epoch 47
