10:39:58 | Logging to checkpoints/logs/ours_20260529_103958.log
10:39:58 | 
============================================================
10:39:58 | Training OURS on cpu
10:39:58 | ============================================================
10:39:58 | Train batches: 20, Val batches: 5
10:39:58 | Model parameters: 621,696
10:40:35 | Epoch   1 | train_loss=0.088641 | val_loss=0.006282 | lr=1.00e-03
10:41:12 | Epoch   2 | train_loss=0.002963 | val_loss=0.002030 | lr=1.00e-03
10:41:47 | Epoch   3 | train_loss=0.001149 | val_loss=0.000943 | lr=1.00e-03
10:42:22 | Epoch   4 | train_loss=0.000918 | val_loss=0.000836 | lr=1.00e-03
10:42:58 | Epoch   5 | train_loss=0.000830 | val_loss=0.000697 | lr=1.00e-03
10:43:33 | Epoch   6 | train_loss=0.000778 | val_loss=0.000692 | lr=1.00e-03
10:44:08 | Epoch   7 | train_loss=0.000733 | val_loss=0.000673 | lr=1.00e-03
10:44:43 | Epoch   8 | train_loss=0.000664 | val_loss=0.000593 | lr=1.00e-03
10:45:17 | Epoch   9 | train_loss=0.000655 | val_loss=0.000587 | lr=1.00e-03
10:45:52 | Epoch  10 | train_loss=0.000641 | val_loss=0.000562 | lr=1.00e-03
10:46:27 | Epoch  11 | train_loss=0.000606 | val_loss=0.000514 | lr=1.00e-03
10:47:02 | Epoch  12 | train_loss=0.000577 | val_loss=0.000531 | lr=1.00e-03
10:47:37 | Epoch  13 | train_loss=0.000535 | val_loss=0.000514 | lr=1.00e-03
10:48:13 | Epoch  14 | train_loss=0.000571 | val_loss=0.000529 | lr=1.00e-03
10:48:48 | Epoch  15 | train_loss=0.000544 | val_loss=0.000524 | lr=1.00e-03
10:49:22 | Epoch  16 | train_loss=0.000514 | val_loss=0.000520 | lr=1.00e-03
10:49:57 | Epoch  17 | train_loss=0.000539 | val_loss=0.000534 | lr=1.00e-03
10:50:32 | Epoch  18 | train_loss=0.000521 | val_loss=0.000473 | lr=1.00e-03
10:51:06 | Epoch  19 | train_loss=0.000517 | val_loss=0.000490 | lr=1.00e-03
10:51:42 | Epoch  20 | train_loss=0.000509 | val_loss=0.000457 | lr=5.00e-04
10:52:18 | Epoch  21 | train_loss=0.000484 | val_loss=0.000435 | lr=5.00e-04
10:52:53 | Epoch  22 | train_loss=0.000492 | val_loss=0.000456 | lr=5.00e-04
10:53:28 | Epoch  23 | train_loss=0.000481 | val_loss=0.000441 | lr=5.00e-04
10:54:04 | Epoch  24 | train_loss=0.000492 | val_loss=0.000481 | lr=5.00e-04
10:54:39 | Epoch  25 | train_loss=0.000469 | val_loss=0.000472 | lr=5.00e-04
10:55:16 | Epoch  26 | train_loss=0.000469 | val_loss=0.000424 | lr=5.00e-04
10:55:51 | Epoch  27 | train_loss=0.000445 | val_loss=0.000483 | lr=5.00e-04
10:56:26 | Epoch  28 | train_loss=0.000486 | val_loss=0.000416 | lr=5.00e-04
10:57:01 | Epoch  29 | train_loss=0.000463 | val_loss=0.000488 | lr=5.00e-04
10:57:36 | Epoch  30 | train_loss=0.000449 | val_loss=0.000482 | lr=5.00e-04
10:58:12 | Epoch  31 | train_loss=0.000448 | val_loss=0.000446 | lr=5.00e-04
10:58:46 | Epoch  32 | train_loss=0.000469 | val_loss=0.000423 | lr=5.00e-04
10:59:22 | Epoch  33 | train_loss=0.000438 | val_loss=0.000429 | lr=5.00e-04
10:59:57 | Epoch  34 | train_loss=0.000439 | val_loss=0.000419 | lr=5.00e-04
11:00:32 | Epoch  35 | train_loss=0.000457 | val_loss=0.000399 | lr=5.00e-04
11:01:07 | Epoch  36 | train_loss=0.000442 | val_loss=0.000420 | lr=5.00e-04
11:01:41 | Epoch  37 | train_loss=0.000425 | val_loss=0.000471 | lr=5.00e-04
11:02:16 | Epoch  38 | train_loss=0.000485 | val_loss=0.000415 | lr=5.00e-04
11:02:52 | Epoch  39 | train_loss=0.000434 | val_loss=0.000443 | lr=5.00e-04
11:03:26 | Epoch  40 | train_loss=0.000445 | val_loss=0.000409 | lr=2.50e-04
11:04:02 | Epoch  41 | train_loss=0.000448 | val_loss=0.000435 | lr=2.50e-04
11:04:37 | Epoch  42 | train_loss=0.000443 | val_loss=0.000511 | lr=2.50e-04
11:05:12 | Epoch  43 | train_loss=0.000401 | val_loss=0.000391 | lr=2.50e-04
11:05:49 | Epoch  44 | train_loss=0.000452 | val_loss=0.000395 | lr=2.50e-04
11:06:24 | Epoch  45 | train_loss=0.000411 | val_loss=0.000453 | lr=2.50e-04
11:06:58 | Epoch  46 | train_loss=0.000434 | val_loss=0.000428 | lr=2.50e-04
11:07:33 | Epoch  47 | train_loss=0.000440 | val_loss=0.000423 | lr=2.50e-04
11:08:08 | Epoch  48 | train_loss=0.000417 | val_loss=0.000389 | lr=2.50e-04
11:08:43 | Epoch  49 | train_loss=0.000438 | val_loss=0.000403 | lr=2.50e-04
11:09:18 | Epoch  50 | train_loss=0.000427 | val_loss=0.000420 | lr=2.50e-04
11:09:18 | 
Training completed in 1759.6s (29.3 min)
11:09:18 | Best val_loss: 0.000389 at epoch 48
