14:15:45 | Logging to checkpoints/logs/ours_20260529_141545.log
14:15:45 | 
============================================================
14:15:45 | Training OURS on cuda
14:15:45 | ============================================================
14:15:45 | Train batches: 20, Val batches: 5
14:15:45 | Model parameters: 596,096
14:15:46 | Epoch   1 | train_loss=1.052543 | val_loss=0.010709 | lr=1.00e-03
14:15:46 | Epoch   2 | train_loss=0.012311 | val_loss=0.008084 | lr=1.00e-03
14:15:47 | Epoch   3 | train_loss=0.003635 | val_loss=0.002251 | lr=1.00e-03
14:15:48 | Epoch   4 | train_loss=0.001946 | val_loss=0.001690 | lr=1.00e-03
14:15:49 | Epoch   5 | train_loss=0.001625 | val_loss=0.001473 | lr=1.00e-03
14:15:50 | Epoch   6 | train_loss=0.001467 | val_loss=0.001632 | lr=1.00e-03
14:15:51 | Epoch   7 | train_loss=0.001322 | val_loss=0.001165 | lr=1.00e-03
14:15:52 | Epoch   8 | train_loss=0.001216 | val_loss=0.001198 | lr=1.00e-03
14:15:53 | Epoch   9 | train_loss=0.001169 | val_loss=0.001088 | lr=1.00e-03
14:15:54 | Epoch  10 | train_loss=0.001123 | val_loss=0.001064 | lr=1.00e-03
14:15:55 | Epoch  11 | train_loss=0.001024 | val_loss=0.001066 | lr=1.00e-03
14:15:56 | Epoch  12 | train_loss=0.001059 | val_loss=0.000930 | lr=1.00e-03
14:15:57 | Epoch  13 | train_loss=0.001005 | val_loss=0.000950 | lr=1.00e-03
14:15:58 | Epoch  14 | train_loss=0.000988 | val_loss=0.000931 | lr=1.00e-03
14:15:59 | Epoch  15 | train_loss=0.000917 | val_loss=0.000803 | lr=1.00e-03
14:16:00 | Epoch  16 | train_loss=0.000907 | val_loss=0.000888 | lr=1.00e-03
14:16:01 | Epoch  17 | train_loss=0.000858 | val_loss=0.000813 | lr=1.00e-03
14:16:02 | Epoch  18 | train_loss=0.000871 | val_loss=0.000886 | lr=1.00e-03
14:16:03 | Epoch  19 | train_loss=0.000826 | val_loss=0.000718 | lr=1.00e-03
14:16:04 | Epoch  20 | train_loss=0.000807 | val_loss=0.000812 | lr=5.00e-04
14:16:05 | Epoch  21 | train_loss=0.000855 | val_loss=0.000724 | lr=5.00e-04
14:16:06 | Epoch  22 | train_loss=0.000784 | val_loss=0.000742 | lr=5.00e-04
14:16:07 | Epoch  23 | train_loss=0.000752 | val_loss=0.000651 | lr=5.00e-04
14:16:08 | Epoch  24 | train_loss=0.000744 | val_loss=0.000666 | lr=5.00e-04
14:16:09 | Epoch  25 | train_loss=0.000718 | val_loss=0.000686 | lr=5.00e-04
14:16:10 | Epoch  26 | train_loss=0.000729 | val_loss=0.000736 | lr=5.00e-04
14:16:11 | Epoch  27 | train_loss=0.000722 | val_loss=0.000680 | lr=5.00e-04
14:16:12 | Epoch  28 | train_loss=0.000735 | val_loss=0.000685 | lr=5.00e-04
14:16:13 | Epoch  29 | train_loss=0.000712 | val_loss=0.000710 | lr=5.00e-04
14:16:15 | Epoch  30 | train_loss=0.000707 | val_loss=0.000703 | lr=5.00e-04
14:16:16 | Epoch  31 | train_loss=0.000688 | val_loss=0.000725 | lr=5.00e-04
14:16:17 | Epoch  32 | train_loss=0.000696 | val_loss=0.000632 | lr=5.00e-04
14:16:18 | Epoch  33 | train_loss=0.000669 | val_loss=0.000659 | lr=5.00e-04
14:16:18 | Epoch  34 | train_loss=0.000655 | val_loss=0.000686 | lr=5.00e-04
14:16:19 | Epoch  35 | train_loss=0.000687 | val_loss=0.000680 | lr=5.00e-04
14:16:20 | Epoch  36 | train_loss=0.000636 | val_loss=0.000634 | lr=5.00e-04
14:16:21 | Epoch  37 | train_loss=0.000656 | val_loss=0.000658 | lr=5.00e-04
14:16:22 | Epoch  38 | train_loss=0.000658 | val_loss=0.000641 | lr=5.00e-04
14:16:23 | Epoch  39 | train_loss=0.000653 | val_loss=0.000647 | lr=5.00e-04
14:16:24 | Epoch  40 | train_loss=0.000640 | val_loss=0.000585 | lr=2.50e-04
14:16:25 | Epoch  41 | train_loss=0.000610 | val_loss=0.000581 | lr=2.50e-04
14:16:26 | Epoch  42 | train_loss=0.000620 | val_loss=0.000603 | lr=2.50e-04
14:16:27 | Epoch  43 | train_loss=0.000607 | val_loss=0.000607 | lr=2.50e-04
14:16:28 | Epoch  44 | train_loss=0.000612 | val_loss=0.000577 | lr=2.50e-04
14:16:29 | Epoch  45 | train_loss=0.000652 | val_loss=0.000570 | lr=2.50e-04
14:16:30 | Epoch  46 | train_loss=0.000590 | val_loss=0.000586 | lr=2.50e-04
14:16:31 | Epoch  47 | train_loss=0.000604 | val_loss=0.000547 | lr=2.50e-04
14:16:32 | Epoch  48 | train_loss=0.000597 | val_loss=0.000521 | lr=2.50e-04
14:16:33 | Epoch  49 | train_loss=0.000615 | val_loss=0.000500 | lr=2.50e-04
14:16:34 | Epoch  50 | train_loss=0.000619 | val_loss=0.000533 | lr=2.50e-04
14:16:34 | 
Training completed in 49.3s (0.8 min)
14:16:34 | Best val_loss: 0.000500 at epoch 49
