14:14:02 | Logging to checkpoints/logs/ours_20260529_141402.log
14:14:02 | 
============================================================
14:14:02 | Training OURS on cuda
14:14:02 | ============================================================
14:14:02 | Train batches: 20, Val batches: 5
14:14:02 | Model parameters: 596,880
14:14:03 | Epoch   1 | train_loss=0.056410 | val_loss=0.007041 | lr=1.00e-03
14:14:05 | Epoch   2 | train_loss=0.001608 | val_loss=0.002303 | lr=1.00e-03
14:14:06 | Epoch   3 | train_loss=0.001126 | val_loss=0.000926 | lr=1.00e-03
14:14:07 | Epoch   4 | train_loss=0.001017 | val_loss=0.001208 | lr=1.00e-03
14:14:08 | Epoch   5 | train_loss=0.000988 | val_loss=0.000721 | lr=1.00e-03
14:14:09 | Epoch   6 | train_loss=0.000778 | val_loss=0.000650 | lr=1.00e-03
14:14:11 | Epoch   7 | train_loss=0.000768 | val_loss=0.000773 | lr=1.00e-03
14:14:12 | Epoch   8 | train_loss=0.000732 | val_loss=0.000606 | lr=1.00e-03
14:14:12 | Epoch   9 | train_loss=0.000615 | val_loss=0.000518 | lr=1.00e-03
14:14:13 | Epoch  10 | train_loss=0.000600 | val_loss=0.000568 | lr=1.00e-03
14:14:15 | Epoch  11 | train_loss=0.000602 | val_loss=0.000608 | lr=1.00e-03
14:14:16 | Epoch  12 | train_loss=0.000656 | val_loss=0.000580 | lr=1.00e-03
14:14:17 | Epoch  13 | train_loss=0.000548 | val_loss=0.000555 | lr=1.00e-03
14:14:18 | Epoch  14 | train_loss=0.000500 | val_loss=0.000511 | lr=1.00e-03
14:14:19 | Epoch  15 | train_loss=0.000509 | val_loss=0.000512 | lr=1.00e-03
14:14:21 | Epoch  16 | train_loss=0.000525 | val_loss=0.000493 | lr=1.00e-03
14:14:22 | Epoch  17 | train_loss=0.000511 | val_loss=0.000489 | lr=1.00e-03
14:14:23 | Epoch  18 | train_loss=0.000476 | val_loss=0.000438 | lr=1.00e-03
14:14:24 | Epoch  19 | train_loss=0.000483 | val_loss=0.000512 | lr=1.00e-03
14:14:26 | Epoch  20 | train_loss=0.000482 | val_loss=0.000468 | lr=5.00e-04
14:14:27 | Epoch  21 | train_loss=0.000494 | val_loss=0.000449 | lr=5.00e-04
14:14:28 | Epoch  22 | train_loss=0.000486 | val_loss=0.000420 | lr=5.00e-04
14:14:29 | Epoch  23 | train_loss=0.000477 | val_loss=0.000495 | lr=5.00e-04
14:14:30 | Epoch  24 | train_loss=0.000475 | val_loss=0.000474 | lr=5.00e-04
14:14:31 | Epoch  25 | train_loss=0.000476 | val_loss=0.000439 | lr=5.00e-04
14:14:32 | Epoch  26 | train_loss=0.000457 | val_loss=0.000414 | lr=5.00e-04
14:14:34 | Epoch  27 | train_loss=0.000502 | val_loss=0.000459 | lr=5.00e-04
14:14:35 | Epoch  28 | train_loss=0.000470 | val_loss=0.000491 | lr=5.00e-04
14:14:36 | Epoch  29 | train_loss=0.000480 | val_loss=0.000401 | lr=5.00e-04
14:14:37 | Epoch  30 | train_loss=0.000420 | val_loss=0.000422 | lr=5.00e-04
14:14:38 | Epoch  31 | train_loss=0.000466 | val_loss=0.000402 | lr=5.00e-04
14:14:39 | Epoch  32 | train_loss=0.000468 | val_loss=0.000503 | lr=5.00e-04
14:14:40 | Epoch  33 | train_loss=0.000474 | val_loss=0.000412 | lr=5.00e-04
14:14:41 | Epoch  34 | train_loss=0.000450 | val_loss=0.000468 | lr=5.00e-04
14:14:43 | Epoch  35 | train_loss=0.000460 | val_loss=0.000430 | lr=5.00e-04
14:14:43 | Epoch  36 | train_loss=0.000456 | val_loss=0.000409 | lr=5.00e-04
14:14:44 | Epoch  37 | train_loss=0.000446 | val_loss=0.000419 | lr=5.00e-04
14:14:45 | Epoch  38 | train_loss=0.000423 | val_loss=0.000433 | lr=5.00e-04
14:14:46 | Epoch  39 | train_loss=0.000456 | val_loss=0.000406 | lr=5.00e-04
14:14:47 | Epoch  40 | train_loss=0.000459 | val_loss=0.000430 | lr=2.50e-04
14:14:48 | Epoch  41 | train_loss=0.000435 | val_loss=0.000440 | lr=2.50e-04
14:14:49 | Epoch  42 | train_loss=0.000417 | val_loss=0.000420 | lr=2.50e-04
14:14:51 | Epoch  43 | train_loss=0.000434 | val_loss=0.000411 | lr=2.50e-04
14:14:52 | Epoch  44 | train_loss=0.000420 | val_loss=0.000399 | lr=2.50e-04
14:14:53 | Epoch  45 | train_loss=0.000427 | val_loss=0.000414 | lr=2.50e-04
14:14:54 | Epoch  46 | train_loss=0.000421 | val_loss=0.000418 | lr=2.50e-04
14:14:55 | Epoch  47 | train_loss=0.000440 | val_loss=0.000428 | lr=2.50e-04
14:14:56 | Epoch  48 | train_loss=0.000441 | val_loss=0.000450 | lr=2.50e-04
14:14:57 | Epoch  49 | train_loss=0.000427 | val_loss=0.000423 | lr=2.50e-04
14:14:58 | Epoch  50 | train_loss=0.000412 | val_loss=0.000420 | lr=2.50e-04
14:14:58 | 
Training completed in 56.7s (0.9 min)
14:14:58 | Best val_loss: 0.000399 at epoch 44
