10:27:46 | Logging to checkpoints/logs/unet_20260529_102746.log
10:27:46 | 
============================================================
10:27:46 | Training UNET on cpu
10:27:46 | ============================================================
10:27:46 | Train batches: 20, Val batches: 5
10:27:46 | Model parameters: 4,331,952
10:28:02 | Epoch   1 | train_loss=0.062577 | val_loss=0.009011 | lr=1.00e-03
10:28:19 | Epoch   2 | train_loss=0.003104 | val_loss=0.002988 | lr=1.00e-03
10:28:33 | Epoch   3 | train_loss=0.001787 | val_loss=0.001412 | lr=1.00e-03
10:28:48 | Epoch   4 | train_loss=0.001418 | val_loss=0.001218 | lr=1.00e-03
10:29:03 | Epoch   5 | train_loss=0.001215 | val_loss=0.001092 | lr=1.00e-03
10:29:18 | Epoch   6 | train_loss=0.001123 | val_loss=0.001428 | lr=1.00e-03
10:29:32 | Epoch   7 | train_loss=0.001046 | val_loss=0.001013 | lr=1.00e-03
10:29:47 | Epoch   8 | train_loss=0.000992 | val_loss=0.000898 | lr=1.00e-03
10:30:01 | Epoch   9 | train_loss=0.000944 | val_loss=0.000910 | lr=1.00e-03
10:30:16 | Epoch  10 | train_loss=0.000875 | val_loss=0.000859 | lr=1.00e-03
10:30:30 | Epoch  11 | train_loss=0.000831 | val_loss=0.000872 | lr=1.00e-03
10:30:45 | Epoch  12 | train_loss=0.000825 | val_loss=0.000761 | lr=1.00e-03
10:31:00 | Epoch  13 | train_loss=0.000781 | val_loss=0.000752 | lr=1.00e-03
10:31:14 | Epoch  14 | train_loss=0.000774 | val_loss=0.000696 | lr=1.00e-03
10:31:29 | Epoch  15 | train_loss=0.000719 | val_loss=0.000748 | lr=1.00e-03
10:31:43 | Epoch  16 | train_loss=0.000684 | val_loss=0.000681 | lr=1.00e-03
10:31:58 | Epoch  17 | train_loss=0.000682 | val_loss=0.000634 | lr=1.00e-03
10:32:12 | Epoch  18 | train_loss=0.000671 | val_loss=0.000633 | lr=1.00e-03
10:32:27 | Epoch  19 | train_loss=0.000648 | val_loss=0.000644 | lr=1.00e-03
10:32:41 | Epoch  20 | train_loss=0.000660 | val_loss=0.000637 | lr=5.00e-04
10:32:55 | Epoch  21 | train_loss=0.000636 | val_loss=0.000619 | lr=5.00e-04
10:33:10 | Epoch  22 | train_loss=0.000627 | val_loss=0.000565 | lr=5.00e-04
10:33:25 | Epoch  23 | train_loss=0.000597 | val_loss=0.000589 | lr=5.00e-04
10:33:40 | Epoch  24 | train_loss=0.000579 | val_loss=0.000565 | lr=5.00e-04
10:33:55 | Epoch  25 | train_loss=0.000595 | val_loss=0.000619 | lr=5.00e-04
10:34:10 | Epoch  26 | train_loss=0.000598 | val_loss=0.000539 | lr=5.00e-04
10:34:25 | Epoch  27 | train_loss=0.000613 | val_loss=0.000559 | lr=5.00e-04
10:34:40 | Epoch  28 | train_loss=0.000603 | val_loss=0.000607 | lr=5.00e-04
10:34:55 | Epoch  29 | train_loss=0.000595 | val_loss=0.000569 | lr=5.00e-04
10:35:09 | Epoch  30 | train_loss=0.000580 | val_loss=0.000560 | lr=5.00e-04
10:35:23 | Epoch  31 | train_loss=0.000593 | val_loss=0.000525 | lr=5.00e-04
10:35:38 | Epoch  32 | train_loss=0.000577 | val_loss=0.000521 | lr=5.00e-04
10:35:52 | Epoch  33 | train_loss=0.000550 | val_loss=0.000565 | lr=5.00e-04
10:36:07 | Epoch  34 | train_loss=0.000566 | val_loss=0.000555 | lr=5.00e-04
10:36:21 | Epoch  35 | train_loss=0.000589 | val_loss=0.000517 | lr=5.00e-04
10:36:36 | Epoch  36 | train_loss=0.000550 | val_loss=0.000533 | lr=5.00e-04
10:36:50 | Epoch  37 | train_loss=0.000552 | val_loss=0.000562 | lr=5.00e-04
10:37:05 | Epoch  38 | train_loss=0.000550 | val_loss=0.000521 | lr=5.00e-04
10:37:19 | Epoch  39 | train_loss=0.000570 | val_loss=0.000507 | lr=5.00e-04
10:37:34 | Epoch  40 | train_loss=0.000577 | val_loss=0.000526 | lr=2.50e-04
10:37:48 | Epoch  41 | train_loss=0.000555 | val_loss=0.000491 | lr=2.50e-04
10:38:02 | Epoch  42 | train_loss=0.000561 | val_loss=0.000525 | lr=2.50e-04
10:38:17 | Epoch  43 | train_loss=0.000531 | val_loss=0.000514 | lr=2.50e-04
10:38:31 | Epoch  44 | train_loss=0.000536 | val_loss=0.000516 | lr=2.50e-04
10:38:46 | Epoch  45 | train_loss=0.000523 | val_loss=0.000502 | lr=2.50e-04
10:39:00 | Epoch  46 | train_loss=0.000508 | val_loss=0.000486 | lr=2.50e-04
10:39:15 | Epoch  47 | train_loss=0.000517 | val_loss=0.000535 | lr=2.50e-04
10:39:29 | Epoch  48 | train_loss=0.000543 | val_loss=0.000490 | lr=2.50e-04
10:39:44 | Epoch  49 | train_loss=0.000550 | val_loss=0.000550 | lr=2.50e-04
10:39:58 | Epoch  50 | train_loss=0.000536 | val_loss=0.000500 | lr=2.50e-04
10:39:58 | 
Training completed in 732.0s (12.2 min)
10:39:58 | Best val_loss: 0.000486 at epoch 46
