00:31:07 | Logging to checkpoints/logs/unet_20260529_003107.log
00:31:07 | 
============================================================
00:31:07 | Training UNET on cpu
00:31:07 | ============================================================
00:31:07 | Train batches: 20, Val batches: 5
00:31:07 | Model parameters: 4,331,952
00:31:23 | Epoch   1 | train_loss=0.038612 | val_loss=0.013319 | lr=1.00e-03
00:31:40 | Epoch   2 | train_loss=0.002363 | val_loss=0.002768 | lr=1.00e-03
00:31:56 | Epoch   3 | train_loss=0.001456 | val_loss=0.001642 | lr=1.00e-03
00:32:12 | Epoch   4 | train_loss=0.001254 | val_loss=0.001082 | lr=1.00e-03
00:32:28 | Epoch   5 | train_loss=0.001099 | val_loss=0.000998 | lr=1.00e-03
00:32:45 | Epoch   6 | train_loss=0.000983 | val_loss=0.000933 | lr=1.00e-03
00:33:01 | Epoch   7 | train_loss=0.000921 | val_loss=0.000963 | lr=1.00e-03
00:33:17 | Epoch   8 | train_loss=0.000874 | val_loss=0.000785 | lr=1.00e-03
00:33:34 | Epoch   9 | train_loss=0.000809 | val_loss=0.000789 | lr=1.00e-03
00:33:50 | Epoch  10 | train_loss=0.000771 | val_loss=0.000758 | lr=1.00e-03
00:34:06 | Epoch  11 | train_loss=0.000740 | val_loss=0.000669 | lr=1.00e-03
00:34:23 | Epoch  12 | train_loss=0.000756 | val_loss=0.000813 | lr=1.00e-03
00:34:39 | Epoch  13 | train_loss=0.000707 | val_loss=0.000674 | lr=1.00e-03
00:34:55 | Epoch  14 | train_loss=0.000708 | val_loss=0.000637 | lr=1.00e-03
00:35:12 | Epoch  15 | train_loss=0.000692 | val_loss=0.000747 | lr=1.00e-03
00:35:28 | Epoch  16 | train_loss=0.000654 | val_loss=0.000667 | lr=1.00e-03
00:35:44 | Epoch  17 | train_loss=0.000634 | val_loss=0.000588 | lr=1.00e-03
00:36:01 | Epoch  18 | train_loss=0.000600 | val_loss=0.000621 | lr=1.00e-03
00:36:17 | Epoch  19 | train_loss=0.000635 | val_loss=0.000596 | lr=1.00e-03
00:36:33 | Epoch  20 | train_loss=0.000621 | val_loss=0.000604 | lr=5.00e-04
00:36:49 | Epoch  21 | train_loss=0.000563 | val_loss=0.000589 | lr=5.00e-04
00:37:05 | Epoch  22 | train_loss=0.000611 | val_loss=0.000626 | lr=5.00e-04
00:37:21 | Epoch  23 | train_loss=0.000567 | val_loss=0.000593 | lr=5.00e-04
00:37:37 | Epoch  24 | train_loss=0.000558 | val_loss=0.000542 | lr=5.00e-04
00:37:54 | Epoch  25 | train_loss=0.000549 | val_loss=0.000557 | lr=5.00e-04
00:38:10 | Epoch  26 | train_loss=0.000553 | val_loss=0.000534 | lr=5.00e-04
00:38:26 | Epoch  27 | train_loss=0.000556 | val_loss=0.000593 | lr=5.00e-04
00:38:42 | Epoch  28 | train_loss=0.000555 | val_loss=0.000524 | lr=5.00e-04
00:38:58 | Epoch  29 | train_loss=0.000543 | val_loss=0.000574 | lr=5.00e-04
00:39:14 | Epoch  30 | train_loss=0.000555 | val_loss=0.000549 | lr=5.00e-04
00:39:31 | Epoch  31 | train_loss=0.000547 | val_loss=0.000510 | lr=5.00e-04
00:39:48 | Epoch  32 | train_loss=0.000572 | val_loss=0.000531 | lr=5.00e-04
00:40:05 | Epoch  33 | train_loss=0.000574 | val_loss=0.000567 | lr=5.00e-04
00:40:21 | Epoch  34 | train_loss=0.000549 | val_loss=0.000582 | lr=5.00e-04
00:40:37 | Epoch  35 | train_loss=0.000544 | val_loss=0.000525 | lr=5.00e-04
00:40:53 | Epoch  36 | train_loss=0.000534 | val_loss=0.000543 | lr=5.00e-04
00:41:09 | Epoch  37 | train_loss=0.000524 | val_loss=0.000524 | lr=5.00e-04
00:41:25 | Epoch  38 | train_loss=0.000534 | val_loss=0.000497 | lr=5.00e-04
00:41:42 | Epoch  39 | train_loss=0.000530 | val_loss=0.000470 | lr=5.00e-04
00:41:58 | Epoch  40 | train_loss=0.000529 | val_loss=0.000507 | lr=2.50e-04
00:42:14 | Epoch  41 | train_loss=0.000505 | val_loss=0.000537 | lr=2.50e-04
00:42:31 | Epoch  42 | train_loss=0.000534 | val_loss=0.000453 | lr=2.50e-04
00:42:48 | Epoch  43 | train_loss=0.000499 | val_loss=0.000521 | lr=2.50e-04
00:43:04 | Epoch  44 | train_loss=0.000501 | val_loss=0.000478 | lr=2.50e-04
00:43:20 | Epoch  45 | train_loss=0.000508 | val_loss=0.000503 | lr=2.50e-04
00:43:36 | Epoch  46 | train_loss=0.000515 | val_loss=0.000498 | lr=2.50e-04
00:43:53 | Epoch  47 | train_loss=0.000535 | val_loss=0.000466 | lr=2.50e-04
00:44:09 | Epoch  48 | train_loss=0.000513 | val_loss=0.000510 | lr=2.50e-04
00:44:25 | Epoch  49 | train_loss=0.000513 | val_loss=0.000461 | lr=2.50e-04
00:44:41 | Epoch  50 | train_loss=0.000509 | val_loss=0.000464 | lr=2.50e-04
00:44:41 | 
Training completed in 814.3s (13.6 min)
00:44:41 | Best val_loss: 0.000453 at epoch 42
