14:13:13 | Logging to checkpoints/logs/unet_20260529_141313.log
14:13:13 | 
============================================================
14:13:13 | Training UNET on cuda
14:13:13 | ============================================================
14:13:13 | Train batches: 20, Val batches: 5
14:13:13 | Model parameters: 4,331,952
14:13:14 | Epoch   1 | train_loss=0.030066 | val_loss=0.007178 | lr=1.00e-03
14:13:15 | Epoch   2 | train_loss=0.002162 | val_loss=0.002761 | lr=1.00e-03
14:13:16 | Epoch   3 | train_loss=0.001349 | val_loss=0.001155 | lr=1.00e-03
14:13:25 | Epoch   4 | train_loss=0.001088 | val_loss=0.000990 | lr=1.00e-03
14:13:25 | Epoch   5 | train_loss=0.000963 | val_loss=0.000933 | lr=1.00e-03
14:13:26 | Epoch   6 | train_loss=0.000901 | val_loss=0.000787 | lr=1.00e-03
14:13:27 | Epoch   7 | train_loss=0.000823 | val_loss=0.000764 | lr=1.00e-03
14:13:28 | Epoch   8 | train_loss=0.000798 | val_loss=0.000756 | lr=1.00e-03
14:13:29 | Epoch   9 | train_loss=0.000766 | val_loss=0.000743 | lr=1.00e-03
14:13:30 | Epoch  10 | train_loss=0.000751 | val_loss=0.000668 | lr=1.00e-03
14:13:31 | Epoch  11 | train_loss=0.000685 | val_loss=0.000697 | lr=1.00e-03
14:13:31 | Epoch  12 | train_loss=0.000668 | val_loss=0.000616 | lr=1.00e-03
14:13:32 | Epoch  13 | train_loss=0.000657 | val_loss=0.000598 | lr=1.00e-03
14:13:33 | Epoch  14 | train_loss=0.000634 | val_loss=0.000613 | lr=1.00e-03
14:13:34 | Epoch  15 | train_loss=0.000647 | val_loss=0.000554 | lr=1.00e-03
14:13:35 | Epoch  16 | train_loss=0.000633 | val_loss=0.000575 | lr=1.00e-03
14:13:36 | Epoch  17 | train_loss=0.000618 | val_loss=0.000613 | lr=1.00e-03
14:13:36 | Epoch  18 | train_loss=0.000593 | val_loss=0.000582 | lr=1.00e-03
14:13:37 | Epoch  19 | train_loss=0.000593 | val_loss=0.000524 | lr=1.00e-03
14:13:38 | Epoch  20 | train_loss=0.000596 | val_loss=0.000560 | lr=5.00e-04
14:13:39 | Epoch  21 | train_loss=0.000547 | val_loss=0.000628 | lr=5.00e-04
14:13:40 | Epoch  22 | train_loss=0.000552 | val_loss=0.000548 | lr=5.00e-04
14:13:40 | Epoch  23 | train_loss=0.000551 | val_loss=0.000496 | lr=5.00e-04
14:13:41 | Epoch  24 | train_loss=0.000560 | val_loss=0.000543 | lr=5.00e-04
14:13:42 | Epoch  25 | train_loss=0.000551 | val_loss=0.000538 | lr=5.00e-04
14:13:42 | Epoch  26 | train_loss=0.000533 | val_loss=0.000521 | lr=5.00e-04
14:13:43 | Epoch  27 | train_loss=0.000539 | val_loss=0.000470 | lr=5.00e-04
14:13:44 | Epoch  28 | train_loss=0.000524 | val_loss=0.000513 | lr=5.00e-04
14:13:45 | Epoch  29 | train_loss=0.000549 | val_loss=0.000491 | lr=5.00e-04
14:13:46 | Epoch  30 | train_loss=0.000532 | val_loss=0.000529 | lr=5.00e-04
14:13:47 | Epoch  31 | train_loss=0.000517 | val_loss=0.000421 | lr=5.00e-04
14:13:48 | Epoch  32 | train_loss=0.000544 | val_loss=0.000527 | lr=5.00e-04
14:13:48 | Epoch  33 | train_loss=0.000499 | val_loss=0.000512 | lr=5.00e-04
14:13:49 | Epoch  34 | train_loss=0.000550 | val_loss=0.000479 | lr=5.00e-04
14:13:50 | Epoch  35 | train_loss=0.000515 | val_loss=0.000526 | lr=5.00e-04
14:13:51 | Epoch  36 | train_loss=0.000515 | val_loss=0.000487 | lr=5.00e-04
14:13:51 | Epoch  37 | train_loss=0.000511 | val_loss=0.000505 | lr=5.00e-04
14:13:52 | Epoch  38 | train_loss=0.000511 | val_loss=0.000488 | lr=5.00e-04
14:13:53 | Epoch  39 | train_loss=0.000503 | val_loss=0.000496 | lr=5.00e-04
14:13:54 | Epoch  40 | train_loss=0.000488 | val_loss=0.000459 | lr=2.50e-04
14:13:55 | Epoch  41 | train_loss=0.000485 | val_loss=0.000455 | lr=2.50e-04
14:13:55 | Epoch  42 | train_loss=0.000491 | val_loss=0.000519 | lr=2.50e-04
14:13:56 | Epoch  43 | train_loss=0.000464 | val_loss=0.000397 | lr=2.50e-04
14:13:57 | Epoch  44 | train_loss=0.000487 | val_loss=0.000448 | lr=2.50e-04
14:13:58 | Epoch  45 | train_loss=0.000476 | val_loss=0.000463 | lr=2.50e-04
14:13:59 | Epoch  46 | train_loss=0.000486 | val_loss=0.000474 | lr=2.50e-04
14:13:59 | Epoch  47 | train_loss=0.000460 | val_loss=0.000434 | lr=2.50e-04
14:14:00 | Epoch  48 | train_loss=0.000448 | val_loss=0.000428 | lr=2.50e-04
14:14:01 | Epoch  49 | train_loss=0.000468 | val_loss=0.000438 | lr=2.50e-04
14:14:02 | Epoch  50 | train_loss=0.000459 | val_loss=0.000459 | lr=2.50e-04
14:14:02 | 
Training completed in 48.6s (0.8 min)
14:14:02 | Best val_loss: 0.000397 at epoch 43
