07:56:43 | Logging to checkpoints/logs/unet_20260529_075643.log
07:56:43 | 
============================================================
07:56:43 | Training UNET on cpu
07:56:43 | ============================================================
07:56:43 | Train batches: 20, Val batches: 5
07:56:44 | Model parameters: 4,331,952
07:56:59 | Epoch   1 | train_loss=0.035782 | val_loss=0.008322 | lr=1.00e-03
07:57:14 | Epoch   2 | train_loss=0.002459 | val_loss=0.002972 | lr=1.00e-03
07:57:30 | Epoch   3 | train_loss=0.001504 | val_loss=0.001354 | lr=1.00e-03
07:57:45 | Epoch   4 | train_loss=0.001240 | val_loss=0.001233 | lr=1.00e-03
07:58:00 | Epoch   5 | train_loss=0.001105 | val_loss=0.000979 | lr=1.00e-03
07:58:16 | Epoch   6 | train_loss=0.000977 | val_loss=0.000976 | lr=1.00e-03
07:58:32 | Epoch   7 | train_loss=0.000922 | val_loss=0.000991 | lr=1.00e-03
07:58:47 | Epoch   8 | train_loss=0.000841 | val_loss=0.000803 | lr=1.00e-03
07:59:03 | Epoch   9 | train_loss=0.000796 | val_loss=0.000806 | lr=1.00e-03
07:59:18 | Epoch  10 | train_loss=0.000805 | val_loss=0.000761 | lr=1.00e-03
07:59:34 | Epoch  11 | train_loss=0.000772 | val_loss=0.000696 | lr=1.00e-03
07:59:49 | Epoch  12 | train_loss=0.000741 | val_loss=0.000676 | lr=1.00e-03
08:00:05 | Epoch  13 | train_loss=0.000709 | val_loss=0.000700 | lr=1.00e-03
08:00:20 | Epoch  14 | train_loss=0.000689 | val_loss=0.000668 | lr=1.00e-03
08:00:35 | Epoch  15 | train_loss=0.000677 | val_loss=0.000641 | lr=1.00e-03
08:00:51 | Epoch  16 | train_loss=0.000661 | val_loss=0.000643 | lr=1.00e-03
08:01:06 | Epoch  17 | train_loss=0.000616 | val_loss=0.000621 | lr=1.00e-03
08:01:21 | Epoch  18 | train_loss=0.000633 | val_loss=0.000626 | lr=1.00e-03
08:01:37 | Epoch  19 | train_loss=0.000628 | val_loss=0.000668 | lr=1.00e-03
08:01:52 | Epoch  20 | train_loss=0.000620 | val_loss=0.000581 | lr=5.00e-04
08:02:08 | Epoch  21 | train_loss=0.000567 | val_loss=0.000560 | lr=5.00e-04
08:02:24 | Epoch  22 | train_loss=0.000587 | val_loss=0.000579 | lr=5.00e-04
08:02:39 | Epoch  23 | train_loss=0.000601 | val_loss=0.000589 | lr=5.00e-04
08:02:55 | Epoch  24 | train_loss=0.000613 | val_loss=0.000608 | lr=5.00e-04
08:03:10 | Epoch  25 | train_loss=0.000573 | val_loss=0.000552 | lr=5.00e-04
08:03:26 | Epoch  26 | train_loss=0.000560 | val_loss=0.000535 | lr=5.00e-04
08:03:41 | Epoch  27 | train_loss=0.000577 | val_loss=0.000578 | lr=5.00e-04
08:03:56 | Epoch  28 | train_loss=0.000563 | val_loss=0.000537 | lr=5.00e-04
08:04:12 | Epoch  29 | train_loss=0.000566 | val_loss=0.000506 | lr=5.00e-04
08:04:27 | Epoch  30 | train_loss=0.000550 | val_loss=0.000554 | lr=5.00e-04
08:04:42 | Epoch  31 | train_loss=0.000556 | val_loss=0.000543 | lr=5.00e-04
08:04:59 | Epoch  32 | train_loss=0.000551 | val_loss=0.000518 | lr=5.00e-04
08:05:14 | Epoch  33 | train_loss=0.000529 | val_loss=0.000561 | lr=5.00e-04
08:05:30 | Epoch  34 | train_loss=0.000557 | val_loss=0.000571 | lr=5.00e-04
08:05:45 | Epoch  35 | train_loss=0.000544 | val_loss=0.000509 | lr=5.00e-04
08:06:01 | Epoch  36 | train_loss=0.000524 | val_loss=0.000508 | lr=5.00e-04
08:06:16 | Epoch  37 | train_loss=0.000530 | val_loss=0.000494 | lr=5.00e-04
08:06:32 | Epoch  38 | train_loss=0.000532 | val_loss=0.000476 | lr=5.00e-04
08:06:47 | Epoch  39 | train_loss=0.000526 | val_loss=0.000491 | lr=5.00e-04
08:07:03 | Epoch  40 | train_loss=0.000515 | val_loss=0.000488 | lr=2.50e-04
08:07:18 | Epoch  41 | train_loss=0.000545 | val_loss=0.000501 | lr=2.50e-04
08:07:33 | Epoch  42 | train_loss=0.000510 | val_loss=0.000508 | lr=2.50e-04
08:07:49 | Epoch  43 | train_loss=0.000513 | val_loss=0.000497 | lr=2.50e-04
08:08:04 | Epoch  44 | train_loss=0.000540 | val_loss=0.000496 | lr=2.50e-04
08:08:19 | Epoch  45 | train_loss=0.000519 | val_loss=0.000487 | lr=2.50e-04
08:08:35 | Epoch  46 | train_loss=0.000546 | val_loss=0.000510 | lr=2.50e-04
08:08:50 | Epoch  47 | train_loss=0.000538 | val_loss=0.000464 | lr=2.50e-04
08:09:06 | Epoch  48 | train_loss=0.000518 | val_loss=0.000518 | lr=2.50e-04
08:09:21 | Epoch  49 | train_loss=0.000504 | val_loss=0.000536 | lr=2.50e-04
08:09:37 | Epoch  50 | train_loss=0.000501 | val_loss=0.000483 | lr=2.50e-04
08:09:37 | 
Training completed in 773.2s (12.9 min)
08:09:37 | Best val_loss: 0.000464 at epoch 47
